#
# A fatal error has been detected by the Java Runtime Environment:
#
#  EXCEPTION_ACCESS_VIOLATION (0xc0000005) at pc=0x00007ffcb7b92ebf, pid=24784, tid=17344
#
# JRE version: Java(TM) SE Runtime Environment (17.0+35) (build 17+35-LTS-2724)
# Java VM: Java HotSpot(TM) 64-Bit Server VM (17+35-LTS-2724, mixed mode, emulated-client, sharing, tiered, compressed oops, compressed class ptrs, g1 gc, windows-amd64)
# Problematic frame:
# C  0x00007ffcb7b92ebf
#
# No core dump will be written. Minidumps are not enabled by default on client versions of Windows
#
# If you would like to submit a bug report, please visit:
#   https://bugreport.java.com/bugreport/crash.jsp
# The crash happened outside the Java Virtual Machine in native code.
# See problematic frame for where to report the bug.
#

---------------  S U M M A R Y ------------

Command Line: -XX:TieredStopAtLevel=1 -Dspring.output.ansi.enabled=always -Dcom.sun.management.jmxremote -Dspring.jmx.enabled=true -Dspring.liveBeansView.mbeanDomain -Dspring.application.admin.enabled=true -Dmanagement.endpoints.jmx.exposure.include=* -javaagent:C:\Program Files\JetBrains\IntelliJ IDEA 2021.2.2\lib\idea_rt.jar=63542:C:\Program Files\JetBrains\IntelliJ IDEA 2021.2.2\bin -Dfile.encoding=UTF-8 com.java.voteup.VoteupApplication

Host: Intel(R) Core(TM) i7-9750H CPU @ 2.60GHz, 12 cores, 7G,  Windows 10 , 64 bit Build 19041 (10.0.19041.2913)
Time: Sat Jun 10 22:23:57 2023 GTB Daylight Time elapsed time: 68.881706 seconds (0d 0h 1m 8s)

---------------  T H R E A D  ---------------

Current thread (0x000002d9cabc7b20):  JavaThread "http-nio-8085-exec-3" daemon [_thread_in_native, id=17344, stack(0x000000eafc000000,0x000000eafc100000)]

Stack: [0x000000eafc000000,0x000000eafc100000],  sp=0x000000eafc0fc940,  free space=1010k
Native frames: (J=compiled Java code, j=interpreted, Vv=VM code, C=native code)
C  0x00007ffcb7b92ebf

Java frames: (J=compiled Java code, j=interpreted, Vv=VM code)
j  org.bytedeco.tesseract.TessBaseAPI.GetUTF8Text()Lorg/bytedeco/javacpp/BytePointer;+0
j  com.java.voteup.controller.IdentityVerifyController.verifyDocument(Lorg/springframework/web/multipart/MultipartFile;)Ljava/lang/Boolean;+45
v  ~StubRoutines::call_stub
J 2428  jdk.internal.reflect.NativeMethodAccessorImpl.invoke0(Ljava/lang/reflect/Method;Ljava/lang/Object;[Ljava/lang/Object;)Ljava/lang/Object; java.base@17 (0 bytes) @ 0x000002d9be2356a7 [0x000002d9be235620+0x0000000000000087]
J 2427 c1 jdk.internal.reflect.NativeMethodAccessorImpl.invoke(Ljava/lang/Object;[Ljava/lang/Object;)Ljava/lang/Object; java.base@17 (137 bytes) @ 0x000002d9be236294 [0x000002d9be235f80+0x0000000000000314]
J 2362 c1 jdk.internal.reflect.DelegatingMethodAccessorImpl.invoke(Ljava/lang/Object;[Ljava/lang/Object;)Ljava/lang/Object; java.base@17 (10 bytes) @ 0x000002d9be214864 [0x000002d9be214820+0x0000000000000044]
J 2381 c1 java.lang.reflect.Method.invoke(Ljava/lang/Object;[Ljava/lang/Object;)Ljava/lang/Object; java.base@17 (65 bytes) @ 0x000002d9be21ade4 [0x000002d9be21ace0+0x0000000000000104]
j  org.springframework.web.method.support.InvocableHandlerMethod.doInvoke([Ljava/lang/Object;)Ljava/lang/Object;+28
j  org.springframework.web.method.support.InvocableHandlerMethod.invokeForRequest(Lorg/springframework/web/context/request/NativeWebRequest;Lorg/springframework/web/method/support/ModelAndViewContainer;[Ljava/lang/Object;)Ljava/lang/Object;+54
j  org.springframework.web.servlet.mvc.method.annotation.ServletInvocableHandlerMethod.invokeAndHandle(Lorg/springframework/web/context/request/ServletWebRequest;Lorg/springframework/web/method/support/ModelAndViewContainer;[Ljava/lang/Object;)V+4
j  org.springframework.web.servlet.mvc.method.annotation.RequestMappingHandlerAdapter.invokeHandlerMethod(Ljavax/servlet/http/HttpServletRequest;Ljavax/servlet/http/HttpServletResponse;Lorg/springframework/web/method/HandlerMethod;)Lorg/springframework/web/servlet/ModelAndView;+244
j  org.springframework.web.servlet.mvc.method.annotation.RequestMappingHandlerAdapter.handleInternal(Ljavax/servlet/http/HttpServletRequest;Ljavax/servlet/http/HttpServletResponse;Lorg/springframework/web/method/HandlerMethod;)Lorg/springframework/web/servlet/ModelAndView;+81
j  org.springframework.web.servlet.mvc.method.AbstractHandlerMethodAdapter.handle(Ljavax/servlet/http/HttpServletRequest;Ljavax/servlet/http/HttpServletResponse;Ljava/lang/Object;)Lorg/springframework/web/servlet/ModelAndView;+7
j  org.springframework.web.servlet.DispatcherServlet.doDispatch(Ljavax/servlet/http/HttpServletRequest;Ljavax/servlet/http/HttpServletResponse;)V+259
j  org.springframework.web.servlet.DispatcherServlet.doService(Ljavax/servlet/http/HttpServletRequest;Ljavax/servlet/http/HttpServletResponse;)V+241
j  org.springframework.web.servlet.FrameworkServlet.processRequest(Ljavax/servlet/http/HttpServletRequest;Ljavax/servlet/http/HttpServletResponse;)V+71
j  org.springframework.web.servlet.FrameworkServlet.doPost(Ljavax/servlet/http/HttpServletRequest;Ljavax/servlet/http/HttpServletResponse;)V+3
j  javax.servlet.http.HttpServlet.service(Ljavax/servlet/http/HttpServletRequest;Ljavax/servlet/http/HttpServletResponse;)V+149
j  org.springframework.web.servlet.FrameworkServlet.service(Ljavax/servlet/http/HttpServletRequest;Ljavax/servlet/http/HttpServletResponse;)V+33
j  javax.servlet.http.HttpServlet.service(Ljavax/servlet/ServletRequest;Ljavax/servlet/ServletResponse;)V+36
j  org.apache.catalina.core.ApplicationFilterChain.internalDoFilter(Ljavax/servlet/ServletRequest;Ljavax/servlet/ServletResponse;)V+304
j  org.apache.catalina.core.ApplicationFilterChain.doFilter(Ljavax/servlet/ServletRequest;Ljavax/servlet/ServletResponse;)V+99
j  org.apache.tomcat.websocket.server.WsFilter.doFilter(Ljavax/servlet/ServletRequest;Ljavax/servlet/ServletResponse;Ljavax/servlet/FilterChain;)V+21
j  org.apache.catalina.core.ApplicationFilterChain.internalDoFilter(Ljavax/servlet/ServletRequest;Ljavax/servlet/ServletResponse;)V+135
j  org.apache.catalina.core.ApplicationFilterChain.doFilter(Ljavax/servlet/ServletRequest;Ljavax/servlet/ServletResponse;)V+99
j  org.springframework.web.filter.RequestContextFilter.doFilterInternal(Ljavax/servlet/http/HttpServletRequest;Ljavax/servlet/http/HttpServletResponse;Ljavax/servlet/FilterChain;)V+21
j  org.springframework.web.filter.OncePerRequestFilter.doFilter(Ljavax/servlet/ServletRequest;Ljavax/servlet/ServletResponse;Ljavax/servlet/FilterChain;)V+147
j  org.apache.catalina.core.ApplicationFilterChain.internalDoFilter(Ljavax/servlet/ServletRequest;Ljavax/servlet/ServletResponse;)V+135
j  org.apache.catalina.core.ApplicationFilterChain.doFilter(Ljavax/servlet/ServletRequest;Ljavax/servlet/ServletResponse;)V+99
j  org.springframework.web.filter.FormContentFilter.doFilterInternal(Ljavax/servlet/http/HttpServletRequest;Ljavax/servlet/http/HttpServletResponse;Ljavax/servlet/FilterChain;)V+38
j  org.springframework.web.filter.OncePerRequestFilter.doFilter(Ljavax/servlet/ServletRequest;Ljavax/servlet/ServletResponse;Ljavax/servlet/FilterChain;)V+147
j  org.apache.catalina.core.ApplicationFilterChain.internalDoFilter(Ljavax/servlet/ServletRequest;Ljavax/servlet/ServletResponse;)V+135
j  org.apache.catalina.core.ApplicationFilterChain.doFilter(Ljavax/servlet/ServletRequest;Ljavax/servlet/ServletResponse;)V+99
j  org.springframework.web.filter.CharacterEncodingFilter.doFilterInternal(Ljavax/servlet/http/HttpServletRequest;Ljavax/servlet/http/HttpServletResponse;Ljavax/servlet/FilterChain;)V+53
j  org.springframework.web.filter.OncePerRequestFilter.doFilter(Ljavax/servlet/ServletRequest;Ljavax/servlet/ServletResponse;Ljavax/servlet/FilterChain;)V+147
j  org.apache.catalina.core.ApplicationFilterChain.internalDoFilter(Ljavax/servlet/ServletRequest;Ljavax/servlet/ServletResponse;)V+135
j  org.apache.catalina.core.ApplicationFilterChain.doFilter(Ljavax/servlet/ServletRequest;Ljavax/servlet/ServletResponse;)V+99
j  org.apache.catalina.core.StandardWrapperValve.invoke(Lorg/apache/catalina/connector/Request;Lorg/apache/catalina/connector/Response;)V+694
j  org.apache.catalina.core.StandardContextValve.invoke(Lorg/apache/catalina/connector/Request;Lorg/apache/catalina/connector/Response;)V+169
j  org.apache.catalina.authenticator.AuthenticatorBase.invoke(Lorg/apache/catalina/connector/Request;Lorg/apache/catalina/connector/Response;)V+260
j  org.apache.catalina.core.StandardHostValve.invoke(Lorg/apache/catalina/connector/Request;Lorg/apache/catalina/connector/Response;)V+128
j  org.apache.catalina.valves.ErrorReportValve.invoke(Lorg/apache/catalina/connector/Request;Lorg/apache/catalina/connector/Response;)V+6
j  org.apache.catalina.core.StandardEngineValve.invoke(Lorg/apache/catalina/connector/Request;Lorg/apache/catalina/connector/Response;)V+59
j  org.apache.catalina.connector.CoyoteAdapter.service(Lorg/apache/coyote/Request;Lorg/apache/coyote/Response;)V+203
j  org.apache.coyote.http11.Http11Processor.service(Lorg/apache/tomcat/util/net/SocketWrapperBase;)Lorg/apache/tomcat/util/net/AbstractEndpoint$Handler$SocketState;+796
j  org.apache.coyote.AbstractProcessorLight.process(Lorg/apache/tomcat/util/net/SocketWrapperBase;Lorg/apache/tomcat/util/net/SocketEvent;)Lorg/apache/tomcat/util/net/AbstractEndpoint$Handler$SocketState;+170
j  org.apache.coyote.AbstractProtocol$ConnectionHandler.process(Lorg/apache/tomcat/util/net/SocketWrapperBase;Lorg/apache/tomcat/util/net/SocketEvent;)Lorg/apache/tomcat/util/net/AbstractEndpoint$Handler$SocketState;+489
j  org.apache.tomcat.util.net.NioEndpoint$SocketProcessor.doRun()V+216
j  org.apache.tomcat.util.net.SocketProcessorBase.run()V+21
j  org.apache.tomcat.util.threads.ThreadPoolExecutor.runWorker(Lorg/apache/tomcat/util/threads/ThreadPoolExecutor$Worker;)V+92
j  org.apache.tomcat.util.threads.ThreadPoolExecutor$Worker.run()V+5
j  org.apache.tomcat.util.threads.TaskThread$WrappingRunnable.run()V+4
j  java.lang.Thread.run()V+11 java.base@17
v  ~StubRoutines::call_stub

siginfo: EXCEPTION_ACCESS_VIOLATION (0xc0000005), reading address 0x000000000000000c


Register to memory mapping:

RIP=0x00007ffcb7b92ebf points into unknown readable memory: 80
RAX=0x0 is NULL
RBX=0x000002d9cec12490 points into unknown readable memory: 0x00007ffcb7dda830 | 30 a8 dd b7 fc 7f 00 00
RCX=0x0 is NULL
RDX=0x000002d9d16b4860 points into unknown readable memory: 0x000002d9d16b4230 | 30 42 6b d1 d9 02 00 00
RSP=0x000000eafc0fc940 is pointing into the stack for thread: 0x000002d9cabc7b20
RBP=0x0 is NULL
RSI=0x000000eafc0fc9b0 is pointing into the stack for thread: 0x000002d9cabc7b20
RDI=0x000002d9cf0e7a30 points into unknown readable memory: 0x0000000000000000 | 00 00 00 00 00 00 00 00
R8 =0x000002d9cec33e18 points into unknown readable memory: 0x0000000000000000 | 00 00 00 00 00 00 00 00
R9 =0x0 is NULL
R10=0xe47260615e737764 is an unknown value
R11=0x8101010101010100 is an unknown value
R12=0x0 is NULL
R13=0x0 is NULL
R14=0x0 is NULL
R15=0x000002d9cf0e7a30 points into unknown readable memory: 0x0000000000000000 | 00 00 00 00 00 00 00 00


Registers:
RAX=0x0000000000000000, RBX=0x000002d9cec12490, RCX=0x0000000000000000, RDX=0x000002d9d16b4860
RSP=0x000000eafc0fc940, RBP=0x0000000000000000, RSI=0x000000eafc0fc9b0, RDI=0x000002d9cf0e7a30
R8 =0x000002d9cec33e18, R9 =0x0000000000000000, R10=0xe47260615e737764, R11=0x8101010101010100
R12=0x0000000000000000, R13=0x0000000000000000, R14=0x0000000000000000, R15=0x000002d9cf0e7a30
RIP=0x00007ffcb7b92ebf, EFLAGS=0x0000000000010246

Top of Stack: (sp=0x000000eafc0fc940)
0x000000eafc0fc940:   0000000000000000 0000000000000000
0x000000eafc0fc950:   000002d9b4390000 0000000000000001
0x000000eafc0fc960:   000002d9d16dfff0 000000eafc0fc9f0
0x000000eafc0fc970:   000000eafc0fc9c0 000002d9cf0b4330
0x000000eafc0fc980:   000002d9ceda5748 000002d9cf0e7a50
0x000000eafc0fc990:   0000000000000001 00007ffcb7d0447b
0x000000eafc0fc9a0:   000002d9ced86040 00007ffd0e8547b1
0x000000eafc0fc9b0:   000002d9cf0e7a30 0000000000000000
0x000000eafc0fc9c0:   0000000000000000 0000000000000000
0x000000eafc0fc9d0:   000002d9d16b3e10 000002d9cf10e8c0
0x000000eafc0fc9e0:   000002d9ceda5720 000002d9d16b52b0
0x000000eafc0fc9f0:   000002d9cf10e8c0 000002d9ceda5720
0x000000eafc0fca00:   000002d9cf0e7a38 000002d9ceda5720
0x000000eafc0fca10:   000002d9ceda5720 000002d9ceda5720
0x000000eafc0fca20:   000002d9ceda5720 000002d9ca000000
0x000000eafc0fca30:   000002d9ceda5748 000002d9cf0b4330 

Instructions: (pc=0x00007ffcb7b92ebf)
0x00007ffcb7b92dbf:   00 45 31 c0 31 d2 48 89 f1 e8 63 08 17 00 48 8b
0x00007ffcb7b92dcf:   84 24 90 00 00 00 48 85 c0 74 76 48 8b 94 24 a0
0x00007ffcb7b92ddf:   00 00 00 48 8b 52 08 48 85 d2 74 04 48 8b 52 08
0x00007ffcb7b92def:   48 8b 80 38 01 00 00 48 85 c0 74 bd 8b 48 34 85
0x00007ffcb7b92dff:   c9 74 b6 7e 1d 48 8b 40 10 83 e9 01 48 8d 4c 88
0x00007ffcb7b92e0f:   04 44 8b 00 45 85 c0 75 a8 48 83 c0 04 48 39 c1
0x00007ffcb7b92e1f:   75 ef 48 85 d2 74 92 8b 42 10 8d 50 ff 83 fa 02
0x00007ffcb7b92e2f:   0f 86 83 ff ff ff 83 e8 05 83 f8 03 0f 86 77 ff
0x00007ffcb7b92e3f:   ff ff e9 7a ff ff ff 66 2e 0f 1f 84 00 00 00 00
0x00007ffcb7b92e4f:   00 48 85 ed 74 09 b8 64 00 00 00 66 89 45 02 b8
0x00007ffcb7b92e5f:   01 00 00 00 48 81 c4 b8 01 00 00 5b 5e 5f 5d 41
0x00007ffcb7b92e6f:   5c 41 5d 41 5e 41 5f c3 66 0f 1f 84 00 00 00 00
0x00007ffcb7b92e7f:   00 48 85 ed 0f 84 cf 01 00 00 4d 89 e0 48 89 f2
0x00007ffcb7b92e8f:   48 89 d9 e8 f9 4b 00 00 e9 eb fe ff ff 0f 1f 40
0x00007ffcb7b92e9f:   00 31 d2 48 89 f1 e8 26 0c 17 00 8b 83 08 14 00
0x00007ffcb7b92eaf:   00 85 c0 0f 8f e8 01 00 00 48 8b 83 b0 09 00 00
0x00007ffcb7b92ebf:   80 78 0c 00 0f 85 53 03 00 00 8b 83 d8 44 02 00
0x00007ffcb7b92ecf:   45 31 f6 85 c0 7f 28 eb 4d 0f 1f 84 00 00 00 00
0x00007ffcb7b92edf:   00 48 8b 81 b0 09 00 00 80 78 0c 00 0f 85 bf 01
0x00007ffcb7b92eef:   00 00 49 83 c6 01 44 39 b3 d8 44 02 00 7e 27 48
0x00007ffcb7b92eff:   8b 83 e0 44 02 00 4a 8b 0c f0 8b 81 08 14 00 00
0x00007ffcb7b92f0f:   85 c0 7e cd e8 78 e5 0e 00 49 83 c6 01 44 39 b3
0x00007ffcb7b92f1f:   d8 44 02 00 7f d9 4c 8d 74 24 50 ba 04 00 00 00
0x00007ffcb7b92f2f:   48 c7 44 24 50 00 00 00 00 4c 89 f1 e8 40 f2 1b
0x00007ffcb7b92f3f:   00 4c 89 74 24 28 4d 89 e0 48 89 d9 48 89 7c 24
0x00007ffcb7b92f4f:   20 4c 8b 8c 24 20 02 00 00 ba 01 00 00 00 e8 1e
0x00007ffcb7b92f5f:   da ff ff 44 8b bb d4 35 02 00 45 85 ff 74 0b 4c
0x00007ffcb7b92f6f:   89 f2 48 89 d9 e8 d7 ae 03 00 8b 44 24 50 45 31
0x00007ffcb7b92f7f:   db 4c 89 74 24 20 49 89 f1 c7 83 c4 44 02 00 00
0x00007ffcb7b92f8f:   00 00 00 49 89 e8 ba 01 00 00 00 48 89 d9 89 83
0x00007ffcb7b92f9f:   c0 44 02 00 48 c7 83 b4 44 02 00 00 00 00 00 66
0x00007ffcb7b92faf:   44 89 9b bc 44 02 00 48 89 9b f8 44 02 00 e8 0e 


Stack slot to memory mapping:
stack at sp + 0 slots: 0x0 is NULL
stack at sp + 1 slots: 0x0 is NULL
stack at sp + 2 slots: 0x000002d9b4390000 points into unknown readable memory: 0x0000000000000000 | 00 00 00 00 00 00 00 00
stack at sp + 3 slots: 0x0000000000000001 is an unknown value
stack at sp + 4 slots: 0x000002d9d16dfff0 points into unknown readable memory: 0x000002d9cf102f70 | 70 2f 10 cf d9 02 00 00
stack at sp + 5 slots: 0x000000eafc0fc9f0 is pointing into the stack for thread: 0x000002d9cabc7b20
stack at sp + 6 slots: 0x000000eafc0fc9c0 is pointing into the stack for thread: 0x000002d9cabc7b20
stack at sp + 7 slots: 0x000002d9cf0b4330 points into unknown readable memory: 0x000002d9cf10e8c0 | c0 e8 10 cf d9 02 00 00


---------------  P R O C E S S  ---------------

Threads class SMR info:
_java_thread_list=0x000002d9cd2cb680, length=34, elements={
0x000002d9c8674230, 0x000002d9c86750a0, 0x000002d9c8683c90, 0x000002d9c8684a10,
0x000002d9c86884e0, 0x000002d9c8688e90, 0x000002d9c86898f0, 0x000002d9c868d7e0,
0x000002d9c86fe080, 0x000002d9c9bfb4a0, 0x000002d9c9bfb970, 0x000002d9c9e2b270,
0x000002d9ca020b10, 0x000002d9ca096430, 0x000002d9ca93fd70, 0x000002d9ca958020,
0x000002d9ca9584f0, 0x000002d9ca9f5820, 0x000002d9cabc5e40, 0x000002d9cabc54a0,
0x000002d9cabc7b20, 0x000002d9cabc7ff0, 0x000002d9cabc6310, 0x000002d9cabc6cb0,
0x000002d9cabc4630, 0x000002d9cabc5970, 0x000002d9cabc4fd0, 0x000002d9cabc67e0,
0x000002d9cabc7650, 0x000002d9cabc4b00, 0x000002d9cd1811f0, 0x000002d9cd17c4f0,
0x000002d9cd1816c0, 0x000002d9cd182530
}

Java Threads: ( => current thread )
  0x000002d9c8674230 JavaThread "Reference Handler" daemon [_thread_blocked, id=7960, stack(0x000000eaf9c00000,0x000000eaf9d00000)]
  0x000002d9c86750a0 JavaThread "Finalizer" daemon [_thread_blocked, id=27200, stack(0x000000eaf9d00000,0x000000eaf9e00000)]
  0x000002d9c8683c90 JavaThread "Signal Dispatcher" daemon [_thread_blocked, id=27112, stack(0x000000eaf9e00000,0x000000eaf9f00000)]
  0x000002d9c8684a10 JavaThread "Attach Listener" daemon [_thread_blocked, id=18184, stack(0x000000eaf9f00000,0x000000eafa000000)]
  0x000002d9c86884e0 JavaThread "Service Thread" daemon [_thread_blocked, id=4940, stack(0x000000eafa000000,0x000000eafa100000)]
  0x000002d9c8688e90 JavaThread "Monitor Deflation Thread" daemon [_thread_blocked, id=18304, stack(0x000000eafa100000,0x000000eafa200000)]
  0x000002d9c86898f0 JavaThread "C1 CompilerThread0" daemon [_thread_blocked, id=9912, stack(0x000000eafa200000,0x000000eafa300000)]
  0x000002d9c868d7e0 JavaThread "Sweeper thread" daemon [_thread_blocked, id=9548, stack(0x000000eafa300000,0x000000eafa400000)]
  0x000002d9c86fe080 JavaThread "Common-Cleaner" daemon [_thread_blocked, id=22116, stack(0x000000eafa400000,0x000000eafa500000)]
  0x000002d9c9bfb4a0 JavaThread "Monitor Ctrl-Break" daemon [_thread_in_native, id=2264, stack(0x000000eafa800000,0x000000eafa900000)]
  0x000002d9c9bfb970 JavaThread "Notification Thread" daemon [_thread_blocked, id=19252, stack(0x000000eafa900000,0x000000eafaa00000)]
  0x000002d9c9e2b270 JavaThread "RMI TCP Accept-0" daemon [_thread_in_native, id=27464, stack(0x000000eafaa00000,0x000000eafab00000)]
  0x000002d9ca020b10 JavaThread "RMI TCP Connection(idle)" daemon [_thread_blocked, id=7008, stack(0x000000eafb500000,0x000000eafb600000)]
  0x000002d9ca096430 JavaThread "RMI Scheduler(0)" daemon [_thread_blocked, id=1700, stack(0x000000eafb600000,0x000000eafb700000)]
  0x000002d9ca93fd70 JavaThread "Catalina-utility-1" [_thread_blocked, id=16372, stack(0x000000eafb900000,0x000000eafba00000)]
  0x000002d9ca958020 JavaThread "Catalina-utility-2" [_thread_blocked, id=18940, stack(0x000000eafba00000,0x000000eafbb00000)]
  0x000002d9ca9584f0 JavaThread "container-0" [_thread_blocked, id=27272, stack(0x000000eafbb00000,0x000000eafbc00000)]
  0x000002d9ca9f5820 JavaThread "HikariPool-1 housekeeper" daemon [_thread_blocked, id=12200, stack(0x000000eafbc00000,0x000000eafbd00000)]
  0x000002d9cabc5e40 JavaThread "http-nio-8085-exec-1" daemon [_thread_blocked, id=26608, stack(0x000000eafbe00000,0x000000eafbf00000)]
  0x000002d9cabc54a0 JavaThread "http-nio-8085-exec-2" daemon [_thread_blocked, id=19132, stack(0x000000eafbf00000,0x000000eafc000000)]
=>0x000002d9cabc7b20 JavaThread "http-nio-8085-exec-3" daemon [_thread_in_native, id=17344, stack(0x000000eafc000000,0x000000eafc100000)]
  0x000002d9cabc7ff0 JavaThread "http-nio-8085-exec-4" daemon [_thread_blocked, id=18668, stack(0x000000eafc100000,0x000000eafc200000)]
  0x000002d9cabc6310 JavaThread "http-nio-8085-exec-5" daemon [_thread_blocked, id=16564, stack(0x000000eafc200000,0x000000eafc300000)]
  0x000002d9cabc6cb0 JavaThread "http-nio-8085-exec-6" daemon [_thread_blocked, id=3592, stack(0x000000eafc300000,0x000000eafc400000)]
  0x000002d9cabc4630 JavaThread "http-nio-8085-exec-7" daemon [_thread_blocked, id=17672, stack(0x000000eafc400000,0x000000eafc500000)]
  0x000002d9cabc5970 JavaThread "http-nio-8085-exec-8" daemon [_thread_blocked, id=19444, stack(0x000000eafc500000,0x000000eafc600000)]
  0x000002d9cabc4fd0 JavaThread "http-nio-8085-exec-9" daemon [_thread_blocked, id=23028, stack(0x000000eafc600000,0x000000eafc700000)]
  0x000002d9cabc67e0 JavaThread "http-nio-8085-exec-10" daemon [_thread_blocked, id=20364, stack(0x000000eafc700000,0x000000eafc800000)]
  0x000002d9cabc7650 JavaThread "http-nio-8085-Poller" daemon [_thread_in_native, id=10192, stack(0x000000eafc800000,0x000000eafc900000)]
  0x000002d9cabc4b00 JavaThread "http-nio-8085-Acceptor" daemon [_thread_in_native, id=20024, stack(0x000000eafc900000,0x000000eafca00000)]
  0x000002d9cd1811f0 JavaThread "DestroyJavaVM" [_thread_blocked, id=15548, stack(0x000000eaf9500000,0x000000eaf9600000)]
  0x000002d9cd17c4f0 JavaThread "RMI TCP Connection(idle)" daemon [_thread_blocked, id=6320, stack(0x000000eafcc00000,0x000000eafcd00000)]
  0x000002d9cd1816c0 JavaThread "RMI TCP Connection(idle)" daemon [_thread_blocked, id=17184, stack(0x000000eafcd00000,0x000000eafce00000)]
  0x000002d9cd182530 JavaThread "JavaCPP Deallocator" daemon [_thread_blocked, id=2976, stack(0x000000eaf9300000,0x000000eaf9400000)]

Other Threads:
  0x000002d9c866d620 VMThread "VM Thread" [stack: 0x000000eaf9b00000,0x000000eaf9c00000] [id=1848]
  0x000002d9b64447c0 WatcherThread [stack: 0x000000eafab00000,0x000000eafac00000] [id=11968]
  0x000002d9b641ed30 GCTaskThread "GC Thread#0" [stack: 0x000000eaf9600000,0x000000eaf9700000] [id=5848]
  0x000002d9c9e15a80 GCTaskThread "GC Thread#1" [stack: 0x000000eafac00000,0x000000eafad00000] [id=11280]
  0x000002d9c9e28c40 GCTaskThread "GC Thread#2" [stack: 0x000000eafad00000,0x000000eafae00000] [id=15936]
  0x000002d9c9f37d20 GCTaskThread "GC Thread#3" [stack: 0x000000eafae00000,0x000000eafaf00000] [id=5044]
  0x000002d9c9f39fe0 GCTaskThread "GC Thread#4" [stack: 0x000000eafaf00000,0x000000eafb000000] [id=17972]
  0x000002d9c9f3aaa0 GCTaskThread "GC Thread#5" [stack: 0x000000eafb000000,0x000000eafb100000] [id=15984]
  0x000002d9ca087440 GCTaskThread "GC Thread#6" [stack: 0x000000eafb100000,0x000000eafb200000] [id=20260]
  0x000002d9ca087b00 GCTaskThread "GC Thread#7" [stack: 0x000000eafb200000,0x000000eafb300000] [id=16128]
  0x000002d9ca087db0 GCTaskThread "GC Thread#8" [stack: 0x000000eafb300000,0x000000eafb400000] [id=18624]
  0x000002d9ca088060 GCTaskThread "GC Thread#9" [stack: 0x000000eafb400000,0x000000eafb500000] [id=18808]
  0x000002d9b6430800 ConcurrentGCThread "G1 Main Marker" [stack: 0x000000eaf9700000,0x000000eaf9800000] [id=13420]
  0x000002d9b64319b0 ConcurrentGCThread "G1 Conc#0" [stack: 0x000000eaf9800000,0x000000eaf9900000] [id=4984]
  0x000002d9ca6335e0 ConcurrentGCThread "G1 Conc#1" [stack: 0x000000eafb700000,0x000000eafb800000] [id=22612]
  0x000002d9ca6325c0 ConcurrentGCThread "G1 Conc#2" [stack: 0x000000eafb800000,0x000000eafb900000] [id=18088]
  0x000002d9b649dd20 ConcurrentGCThread "G1 Refine#0" [stack: 0x000000eaf9900000,0x000000eaf9a00000] [id=15944]
  0x000002d9b649e740 ConcurrentGCThread "G1 Service" [stack: 0x000000eaf9a00000,0x000000eaf9b00000] [id=23468]

Threads with active compile tasks:

VM state: not at safepoint (normal execution)

VM Mutex/Monitor currently owned by a thread: None

Heap address: 0x0000000082400000, size: 2012 MB, Compressed Oops mode: 32-bit

CDS archive(s) mapped at: [0x0000000800000000-0x0000000800bc0000-0x0000000800bc0000), size 12320768, SharedBaseAddress: 0x0000000800000000, ArchiveRelocationMode: 0.
Compressed class space mapped at: 0x0000000800c00000-0x0000000840c00000, reserved size: 1073741824
Narrow klass base: 0x0000000800000000, Narrow klass shift: 0, Narrow klass range: 0x100000000

GC Precious Log:
 CPUs: 12 total, 12 available
 Memory: 8042M
 Large Page Support: Disabled
 NUMA Support: Disabled
 Compressed Oops: Enabled (32-bit)
 Heap Region Size: 1M
 Heap Min Capacity: 8M
 Heap Initial Capacity: 126M
 Heap Max Capacity: 2012M
 Pre-touch: Disabled
 Parallel Workers: 10
 Concurrent Workers: 3
 Concurrent Refinement Workers: 10
 Periodic GC: Disabled

Heap:
 garbage-first heap   total 147456K, used 85819K [0x0000000082400000, 0x0000000100000000)
  region size 1024K, 61 young (62464K), 4 survivors (4096K)
 Metaspace       used 54633K, committed 55104K, reserved 1097728K
  class space    used 7612K, committed 7808K, reserved 1048576K

Heap Regions: E=young(eden), S=young(survivor), O=old, HS=humongous(starts), HC=humongous(continues), CS=collection set, F=free, OA=open archive, CA=closed archive, TAMS=top-at-mark-start (previous, next)
|   0|0x0000000082400000, 0x0000000082500000, 0x0000000082500000|100%|HS|  |TAMS 0x0000000082500000, 0x0000000082400000| Complete 
|   1|0x0000000082500000, 0x0000000082600000, 0x0000000082600000|100%| O|  |TAMS 0x0000000082600000, 0x0000000082500000| Untracked 
|   2|0x0000000082600000, 0x0000000082700000, 0x0000000082700000|100%| O|  |TAMS 0x0000000082700000, 0x0000000082600000| Untracked 
|   3|0x0000000082700000, 0x0000000082800000, 0x0000000082800000|100%| O|  |TAMS 0x0000000082800000, 0x0000000082700000| Untracked 
|   4|0x0000000082800000, 0x0000000082900000, 0x0000000082900000|100%| O|  |TAMS 0x0000000082900000, 0x0000000082800000| Untracked 
|   5|0x0000000082900000, 0x0000000082a00000, 0x0000000082a00000|100%| O|  |TAMS 0x0000000082a00000, 0x0000000082900000| Untracked 
|   6|0x0000000082a00000, 0x0000000082b00000, 0x0000000082b00000|100%| O|  |TAMS 0x0000000082b00000, 0x0000000082a00000| Untracked 
|   7|0x0000000082b00000, 0x0000000082c00000, 0x0000000082c00000|100%| O|  |TAMS 0x0000000082c00000, 0x0000000082b00000| Untracked 
|   8|0x0000000082c00000, 0x0000000082d00000, 0x0000000082d00000|100%| O|  |TAMS 0x0000000082d00000, 0x0000000082c00000| Untracked 
|   9|0x0000000082d00000, 0x0000000082e00000, 0x0000000082e00000|100%| O|  |TAMS 0x0000000082d00000, 0x0000000082d00000| Untracked 
|  10|0x0000000082e00000, 0x0000000082f00000, 0x0000000082f00000|100%| O|  |TAMS 0x0000000082f00000, 0x0000000082e00000| Untracked 
|  11|0x0000000082f00000, 0x0000000083000000, 0x0000000083000000|100%| O|  |TAMS 0x0000000083000000, 0x0000000082f00000| Untracked 
|  12|0x0000000083000000, 0x0000000083100000, 0x0000000083100000|100%| O|  |TAMS 0x0000000083100000, 0x0000000083000000| Untracked 
|  13|0x0000000083100000, 0x0000000083200000, 0x0000000083200000|100%| O|  |TAMS 0x0000000083200000, 0x0000000083100000| Untracked 
|  14|0x0000000083200000, 0x0000000083300000, 0x0000000083300000|100%| O|  |TAMS 0x0000000083300000, 0x0000000083200000| Untracked 
|  15|0x0000000083300000, 0x0000000083400000, 0x0000000083400000|100%| O|  |TAMS 0x0000000083400000, 0x0000000083300000| Untracked 
|  16|0x0000000083400000, 0x0000000083500000, 0x0000000083500000|100%| O|  |TAMS 0x0000000083500000, 0x0000000083400000| Untracked 
|  17|0x0000000083500000, 0x0000000083600000, 0x0000000083600000|100%| O|  |TAMS 0x0000000083600000, 0x0000000083500000| Untracked 
|  18|0x0000000083600000, 0x0000000083700000, 0x0000000083700000|100%| O|  |TAMS 0x0000000083700000, 0x0000000083600000| Untracked 
|  19|0x0000000083700000, 0x0000000083800000, 0x0000000083800000|100%| O|  |TAMS 0x0000000083700000, 0x0000000083700000| Untracked 
|  20|0x0000000083800000, 0x0000000083900000, 0x0000000083900000|100%| O|  |TAMS 0x0000000083800000, 0x0000000083800000| Untracked 
|  21|0x0000000083900000, 0x0000000083a00000, 0x0000000083a00000|100%| O|  |TAMS 0x0000000083900000, 0x0000000083900000| Untracked 
|  22|0x0000000083a00000, 0x0000000083a00000, 0x0000000083b00000|  0%| F|  |TAMS 0x0000000083a00000, 0x0000000083a00000| Untracked 
|  23|0x0000000083b00000, 0x0000000083c00000, 0x0000000083c00000|100%| O|  |TAMS 0x0000000083b00000, 0x0000000083b00000| Untracked 
|  24|0x0000000083c00000, 0x0000000083ccee00, 0x0000000083d00000| 80%| O|  |TAMS 0x0000000083c00000, 0x0000000083c00000| Untracked 
|  25|0x0000000083d00000, 0x0000000083d00000, 0x0000000083e00000|  0%| F|  |TAMS 0x0000000083d00000, 0x0000000083d00000| Untracked 
|  26|0x0000000083e00000, 0x0000000083e00000, 0x0000000083f00000|  0%| F|  |TAMS 0x0000000083e00000, 0x0000000083e00000| Untracked 
|  27|0x0000000083f00000, 0x0000000083f00000, 0x0000000084000000|  0%| F|  |TAMS 0x0000000083f00000, 0x0000000083f00000| Untracked 
|  28|0x0000000084000000, 0x0000000084000000, 0x0000000084100000|  0%| F|  |TAMS 0x0000000084000000, 0x0000000084000000| Untracked 
|  29|0x0000000084100000, 0x0000000084100000, 0x0000000084200000|  0%| F|  |TAMS 0x0000000084100000, 0x0000000084100000| Untracked 
|  30|0x0000000084200000, 0x0000000084200000, 0x0000000084300000|  0%| F|  |TAMS 0x0000000084200000, 0x0000000084200000| Untracked 
|  31|0x0000000084300000, 0x0000000084300000, 0x0000000084400000|  0%| F|  |TAMS 0x0000000084300000, 0x0000000084300000| Untracked 
|  32|0x0000000084400000, 0x0000000084400000, 0x0000000084500000|  0%| F|  |TAMS 0x0000000084400000, 0x0000000084400000| Untracked 
|  33|0x0000000084500000, 0x0000000084500000, 0x0000000084600000|  0%| F|  |TAMS 0x0000000084500000, 0x0000000084500000| Untracked 
|  34|0x0000000084600000, 0x0000000084600000, 0x0000000084700000|  0%| F|  |TAMS 0x0000000084600000, 0x0000000084600000| Untracked 
|  35|0x0000000084700000, 0x0000000084700000, 0x0000000084800000|  0%| F|  |TAMS 0x0000000084700000, 0x0000000084700000| Untracked 
|  36|0x0000000084800000, 0x0000000084800000, 0x0000000084900000|  0%| F|  |TAMS 0x0000000084800000, 0x0000000084800000| Untracked 
|  37|0x0000000084900000, 0x0000000084900000, 0x0000000084a00000|  0%| F|  |TAMS 0x0000000084900000, 0x0000000084900000| Untracked 
|  38|0x0000000084a00000, 0x0000000084a00000, 0x0000000084b00000|  0%| F|  |TAMS 0x0000000084a00000, 0x0000000084a00000| Untracked 
|  39|0x0000000084b00000, 0x0000000084b00000, 0x0000000084c00000|  0%| F|  |TAMS 0x0000000084b00000, 0x0000000084b00000| Untracked 
|  40|0x0000000084c00000, 0x0000000084c00000, 0x0000000084d00000|  0%| F|  |TAMS 0x0000000084c00000, 0x0000000084c00000| Untracked 
|  41|0x0000000084d00000, 0x0000000084d00000, 0x0000000084e00000|  0%| F|  |TAMS 0x0000000084d00000, 0x0000000084d00000| Untracked 
|  42|0x0000000084e00000, 0x0000000084e00000, 0x0000000084f00000|  0%| F|  |TAMS 0x0000000084e00000, 0x0000000084e00000| Untracked 
|  43|0x0000000084f00000, 0x0000000084f00000, 0x0000000085000000|  0%| F|  |TAMS 0x0000000084f00000, 0x0000000084f00000| Untracked 
|  44|0x0000000085000000, 0x0000000085000000, 0x0000000085100000|  0%| F|  |TAMS 0x0000000085000000, 0x0000000085000000| Untracked 
|  45|0x0000000085100000, 0x0000000085100000, 0x0000000085200000|  0%| F|  |TAMS 0x0000000085100000, 0x0000000085100000| Untracked 
|  46|0x0000000085200000, 0x0000000085200000, 0x0000000085300000|  0%| F|  |TAMS 0x0000000085200000, 0x0000000085200000| Untracked 
|  47|0x0000000085300000, 0x0000000085300000, 0x0000000085400000|  0%| F|  |TAMS 0x0000000085300000, 0x0000000085300000| Untracked 
|  48|0x0000000085400000, 0x0000000085400000, 0x0000000085500000|  0%| F|  |TAMS 0x0000000085400000, 0x0000000085400000| Untracked 
|  49|0x0000000085500000, 0x0000000085500000, 0x0000000085600000|  0%| F|  |TAMS 0x0000000085500000, 0x0000000085500000| Untracked 
|  50|0x0000000085600000, 0x0000000085600000, 0x0000000085700000|  0%| F|  |TAMS 0x0000000085600000, 0x0000000085600000| Untracked 
|  51|0x0000000085700000, 0x0000000085700000, 0x0000000085800000|  0%| F|  |TAMS 0x0000000085700000, 0x0000000085700000| Untracked 
|  52|0x0000000085800000, 0x0000000085800000, 0x0000000085900000|  0%| F|  |TAMS 0x0000000085800000, 0x0000000085800000| Untracked 
|  53|0x0000000085900000, 0x0000000085900000, 0x0000000085a00000|  0%| F|  |TAMS 0x0000000085900000, 0x0000000085900000| Untracked 
|  54|0x0000000085a00000, 0x0000000085a00000, 0x0000000085b00000|  0%| F|  |TAMS 0x0000000085a00000, 0x0000000085a00000| Untracked 
|  55|0x0000000085b00000, 0x0000000085b00000, 0x0000000085c00000|  0%| F|  |TAMS 0x0000000085b00000, 0x0000000085b00000| Untracked 
|  56|0x0000000085c00000, 0x0000000085c00000, 0x0000000085d00000|  0%| F|  |TAMS 0x0000000085c00000, 0x0000000085c00000| Untracked 
|  57|0x0000000085d00000, 0x0000000085d00000, 0x0000000085e00000|  0%| F|  |TAMS 0x0000000085d00000, 0x0000000085d00000| Untracked 
|  58|0x0000000085e00000, 0x0000000085f00000, 0x0000000085f00000|100%| S|CS|TAMS 0x0000000085e00000, 0x0000000085e00000| Complete 
|  59|0x0000000085f00000, 0x0000000086000000, 0x0000000086000000|100%| S|CS|TAMS 0x0000000085f00000, 0x0000000085f00000| Complete 
|  60|0x0000000086000000, 0x0000000086100000, 0x0000000086100000|100%| S|CS|TAMS 0x0000000086000000, 0x0000000086000000| Complete 
|  61|0x0000000086100000, 0x0000000086200000, 0x0000000086200000|100%| S|CS|TAMS 0x0000000086100000, 0x0000000086100000| Complete 
|  62|0x0000000086200000, 0x0000000086200000, 0x0000000086300000|  0%| F|  |TAMS 0x0000000086200000, 0x0000000086200000| Untracked 
|  63|0x0000000086300000, 0x0000000086300000, 0x0000000086400000|  0%| F|  |TAMS 0x0000000086300000, 0x0000000086300000| Untracked 
|  64|0x0000000086400000, 0x0000000086400000, 0x0000000086500000|  0%| F|  |TAMS 0x0000000086400000, 0x0000000086400000| Untracked 
|  65|0x0000000086500000, 0x0000000086500000, 0x0000000086600000|  0%| F|  |TAMS 0x0000000086500000, 0x0000000086500000| Untracked 
|  66|0x0000000086600000, 0x0000000086600000, 0x0000000086700000|  0%| F|  |TAMS 0x0000000086600000, 0x0000000086600000| Untracked 
|  67|0x0000000086700000, 0x0000000086700000, 0x0000000086800000|  0%| F|  |TAMS 0x0000000086700000, 0x0000000086700000| Untracked 
|  68|0x0000000086800000, 0x0000000086800000, 0x0000000086900000|  0%| F|  |TAMS 0x0000000086800000, 0x0000000086800000| Untracked 
|  69|0x0000000086900000, 0x0000000086900000, 0x0000000086a00000|  0%| F|  |TAMS 0x0000000086900000, 0x0000000086900000| Untracked 
|  70|0x0000000086a00000, 0x0000000086a00000, 0x0000000086b00000|  0%| F|  |TAMS 0x0000000086a00000, 0x0000000086a00000| Untracked 
|  71|0x0000000086b00000, 0x0000000086b00000, 0x0000000086c00000|  0%| F|  |TAMS 0x0000000086b00000, 0x0000000086b00000| Untracked 
|  72|0x0000000086c00000, 0x0000000086c00000, 0x0000000086d00000|  0%| F|  |TAMS 0x0000000086c00000, 0x0000000086c00000| Untracked 
|  73|0x0000000086d00000, 0x0000000086d00000, 0x0000000086e00000|  0%| F|  |TAMS 0x0000000086d00000, 0x0000000086d00000| Untracked 
|  74|0x0000000086e00000, 0x0000000086e00000, 0x0000000086f00000|  0%| F|  |TAMS 0x0000000086e00000, 0x0000000086e00000| Untracked 
|  75|0x0000000086f00000, 0x0000000086f00000, 0x0000000087000000|  0%| F|  |TAMS 0x0000000086f00000, 0x0000000086f00000| Untracked 
|  76|0x0000000087000000, 0x0000000087000000, 0x0000000087100000|  0%| F|  |TAMS 0x0000000087000000, 0x0000000087000000| Untracked 
|  77|0x0000000087100000, 0x0000000087100000, 0x0000000087200000|  0%| F|  |TAMS 0x0000000087100000, 0x0000000087100000| Untracked 
|  78|0x0000000087200000, 0x0000000087200000, 0x0000000087300000|  0%| F|  |TAMS 0x0000000087200000, 0x0000000087200000| Untracked 
|  79|0x0000000087300000, 0x0000000087300000, 0x0000000087400000|  0%| F|  |TAMS 0x0000000087300000, 0x0000000087300000| Untracked 
|  80|0x0000000087400000, 0x0000000087400000, 0x0000000087500000|  0%| F|  |TAMS 0x0000000087400000, 0x0000000087400000| Untracked 
|  81|0x0000000087500000, 0x0000000087500000, 0x0000000087600000|  0%| F|  |TAMS 0x0000000087500000, 0x0000000087500000| Untracked 
|  82|0x0000000087600000, 0x0000000087600000, 0x0000000087700000|  0%| F|  |TAMS 0x0000000087600000, 0x0000000087600000| Untracked 
|  83|0x0000000087700000, 0x0000000087700000, 0x0000000087800000|  0%| F|  |TAMS 0x0000000087700000, 0x0000000087700000| Untracked 
|  84|0x0000000087800000, 0x0000000087800000, 0x0000000087900000|  0%| F|  |TAMS 0x0000000087800000, 0x0000000087800000| Untracked 
|  85|0x0000000087900000, 0x0000000087900000, 0x0000000087a00000|  0%| F|  |TAMS 0x0000000087900000, 0x0000000087900000| Untracked 
|  86|0x0000000087a00000, 0x0000000087a00000, 0x0000000087b00000|  0%| F|  |TAMS 0x0000000087a00000, 0x0000000087a00000| Untracked 
|  87|0x0000000087b00000, 0x0000000087b80800, 0x0000000087c00000| 50%| E|  |TAMS 0x0000000087b00000, 0x0000000087b00000| Complete 
|  88|0x0000000087c00000, 0x0000000087d00000, 0x0000000087d00000|100%| E|CS|TAMS 0x0000000087c00000, 0x0000000087c00000| Complete 
|  89|0x0000000087d00000, 0x0000000087e00000, 0x0000000087e00000|100%| E|CS|TAMS 0x0000000087d00000, 0x0000000087d00000| Complete 
|  90|0x0000000087e00000, 0x0000000087f00000, 0x0000000087f00000|100%| E|CS|TAMS 0x0000000087e00000, 0x0000000087e00000| Complete 
|  91|0x0000000087f00000, 0x0000000088000000, 0x0000000088000000|100%| E|CS|TAMS 0x0000000087f00000, 0x0000000087f00000| Complete 
|  92|0x0000000088000000, 0x0000000088100000, 0x0000000088100000|100%| E|CS|TAMS 0x0000000088000000, 0x0000000088000000| Complete 
|  93|0x0000000088100000, 0x0000000088200000, 0x0000000088200000|100%| E|CS|TAMS 0x0000000088100000, 0x0000000088100000| Complete 
|  94|0x0000000088200000, 0x0000000088300000, 0x0000000088300000|100%| E|CS|TAMS 0x0000000088200000, 0x0000000088200000| Complete 
|  95|0x0000000088300000, 0x0000000088400000, 0x0000000088400000|100%| E|CS|TAMS 0x0000000088300000, 0x0000000088300000| Complete 
|  96|0x0000000088400000, 0x0000000088500000, 0x0000000088500000|100%| E|CS|TAMS 0x0000000088400000, 0x0000000088400000| Complete 
|  97|0x0000000088500000, 0x0000000088600000, 0x0000000088600000|100%| E|CS|TAMS 0x0000000088500000, 0x0000000088500000| Complete 
|  98|0x0000000088600000, 0x0000000088700000, 0x0000000088700000|100%| E|CS|TAMS 0x0000000088600000, 0x0000000088600000| Complete 
|  99|0x0000000088700000, 0x0000000088800000, 0x0000000088800000|100%| E|CS|TAMS 0x0000000088700000, 0x0000000088700000| Complete 
| 100|0x0000000088800000, 0x0000000088900000, 0x0000000088900000|100%| E|CS|TAMS 0x0000000088800000, 0x0000000088800000| Complete 
| 101|0x0000000088900000, 0x0000000088a00000, 0x0000000088a00000|100%| E|CS|TAMS 0x0000000088900000, 0x0000000088900000| Complete 
| 102|0x0000000088a00000, 0x0000000088b00000, 0x0000000088b00000|100%| E|CS|TAMS 0x0000000088a00000, 0x0000000088a00000| Complete 
| 103|0x0000000088b00000, 0x0000000088c00000, 0x0000000088c00000|100%| E|CS|TAMS 0x0000000088b00000, 0x0000000088b00000| Complete 
| 104|0x0000000088c00000, 0x0000000088d00000, 0x0000000088d00000|100%| E|CS|TAMS 0x0000000088c00000, 0x0000000088c00000| Complete 
| 105|0x0000000088d00000, 0x0000000088e00000, 0x0000000088e00000|100%| E|CS|TAMS 0x0000000088d00000, 0x0000000088d00000| Complete 
| 106|0x0000000088e00000, 0x0000000088f00000, 0x0000000088f00000|100%| E|CS|TAMS 0x0000000088e00000, 0x0000000088e00000| Complete 
| 107|0x0000000088f00000, 0x0000000089000000, 0x0000000089000000|100%| E|CS|TAMS 0x0000000088f00000, 0x0000000088f00000| Complete 
| 108|0x0000000089000000, 0x0000000089100000, 0x0000000089100000|100%| E|CS|TAMS 0x0000000089000000, 0x0000000089000000| Complete 
| 109|0x0000000089100000, 0x0000000089200000, 0x0000000089200000|100%| E|CS|TAMS 0x0000000089100000, 0x0000000089100000| Complete 
| 110|0x0000000089200000, 0x0000000089300000, 0x0000000089300000|100%| E|CS|TAMS 0x0000000089200000, 0x0000000089200000| Complete 
| 111|0x0000000089300000, 0x0000000089400000, 0x0000000089400000|100%| E|CS|TAMS 0x0000000089300000, 0x0000000089300000| Complete 
| 112|0x0000000089400000, 0x0000000089500000, 0x0000000089500000|100%| E|CS|TAMS 0x0000000089400000, 0x0000000089400000| Complete 
| 113|0x0000000089500000, 0x0000000089600000, 0x0000000089600000|100%| E|CS|TAMS 0x0000000089500000, 0x0000000089500000| Complete 
| 114|0x0000000089600000, 0x0000000089700000, 0x0000000089700000|100%| E|CS|TAMS 0x0000000089600000, 0x0000000089600000| Complete 
| 115|0x0000000089700000, 0x0000000089800000, 0x0000000089800000|100%| E|CS|TAMS 0x0000000089700000, 0x0000000089700000| Complete 
| 116|0x0000000089800000, 0x0000000089900000, 0x0000000089900000|100%| E|CS|TAMS 0x0000000089800000, 0x0000000089800000| Complete 
| 117|0x0000000089900000, 0x0000000089a00000, 0x0000000089a00000|100%| E|CS|TAMS 0x0000000089900000, 0x0000000089900000| Complete 
| 118|0x0000000089a00000, 0x0000000089b00000, 0x0000000089b00000|100%| E|CS|TAMS 0x0000000089a00000, 0x0000000089a00000| Complete 
| 119|0x0000000089b00000, 0x0000000089c00000, 0x0000000089c00000|100%| E|CS|TAMS 0x0000000089b00000, 0x0000000089b00000| Complete 
| 120|0x0000000089c00000, 0x0000000089d00000, 0x0000000089d00000|100%| E|CS|TAMS 0x0000000089c00000, 0x0000000089c00000| Complete 
| 121|0x0000000089d00000, 0x0000000089e00000, 0x0000000089e00000|100%| E|CS|TAMS 0x0000000089d00000, 0x0000000089d00000| Complete 
| 122|0x0000000089e00000, 0x0000000089f00000, 0x0000000089f00000|100%| E|CS|TAMS 0x0000000089e00000, 0x0000000089e00000| Complete 
| 123|0x0000000089f00000, 0x000000008a000000, 0x000000008a000000|100%| E|CS|TAMS 0x0000000089f00000, 0x0000000089f00000| Complete 
| 124|0x000000008a000000, 0x000000008a100000, 0x000000008a100000|100%| E|CS|TAMS 0x000000008a000000, 0x000000008a000000| Complete 
| 125|0x000000008a100000, 0x000000008a200000, 0x000000008a200000|100%| E|CS|TAMS 0x000000008a100000, 0x000000008a100000| Complete 
| 126|0x000000008a200000, 0x000000008a300000, 0x000000008a300000|100%| E|CS|TAMS 0x000000008a200000, 0x000000008a200000| Complete 
| 127|0x000000008a300000, 0x000000008a400000, 0x000000008a400000|100%| E|CS|TAMS 0x000000008a300000, 0x000000008a300000| Complete 
| 128|0x000000008a400000, 0x000000008a500000, 0x000000008a500000|100%| E|CS|TAMS 0x000000008a400000, 0x000000008a400000| Complete 
| 129|0x000000008a500000, 0x000000008a600000, 0x000000008a600000|100%| E|CS|TAMS 0x000000008a500000, 0x000000008a500000| Complete 
| 130|0x000000008a600000, 0x000000008a700000, 0x000000008a700000|100%| E|CS|TAMS 0x000000008a600000, 0x000000008a600000| Complete 
| 131|0x000000008a700000, 0x000000008a800000, 0x000000008a800000|100%| E|CS|TAMS 0x000000008a700000, 0x000000008a700000| Complete 
| 132|0x000000008a800000, 0x000000008a900000, 0x000000008a900000|100%| E|CS|TAMS 0x000000008a800000, 0x000000008a800000| Complete 
| 133|0x000000008a900000, 0x000000008aa00000, 0x000000008aa00000|100%| E|CS|TAMS 0x000000008a900000, 0x000000008a900000| Complete 
| 134|0x000000008aa00000, 0x000000008ab00000, 0x000000008ab00000|100%| E|CS|TAMS 0x000000008aa00000, 0x000000008aa00000| Complete 
| 135|0x000000008ab00000, 0x000000008ac00000, 0x000000008ac00000|100%| E|CS|TAMS 0x000000008ab00000, 0x000000008ab00000| Complete 
| 136|0x000000008ac00000, 0x000000008ad00000, 0x000000008ad00000|100%| E|CS|TAMS 0x000000008ac00000, 0x000000008ac00000| Complete 
| 137|0x000000008ad00000, 0x000000008ae00000, 0x000000008ae00000|100%| E|CS|TAMS 0x000000008ad00000, 0x000000008ad00000| Complete 
| 138|0x000000008ae00000, 0x000000008af00000, 0x000000008af00000|100%| E|CS|TAMS 0x000000008ae00000, 0x000000008ae00000| Complete 
| 139|0x000000008af00000, 0x000000008b000000, 0x000000008b000000|100%| E|CS|TAMS 0x000000008af00000, 0x000000008af00000| Complete 
| 140|0x000000008b000000, 0x000000008b100000, 0x000000008b100000|100%| E|CS|TAMS 0x000000008b000000, 0x000000008b000000| Complete 
| 141|0x000000008b100000, 0x000000008b200000, 0x000000008b200000|100%| E|CS|TAMS 0x000000008b100000, 0x000000008b100000| Complete 
| 142|0x000000008b200000, 0x000000008b300000, 0x000000008b300000|100%| E|CS|TAMS 0x000000008b200000, 0x000000008b200000| Complete 
| 143|0x000000008b300000, 0x000000008b400000, 0x000000008b400000|100%| E|CS|TAMS 0x000000008b300000, 0x000000008b300000| Complete 

Card table byte_map: [0x000002d9c12f0000,0x000002d9c16e0000] _byte_map_base: 0x000002d9c0ede000

Marking Bits (Prev, Next): (CMBitMap*) 0x000002d9b641f340, (CMBitMap*) 0x000002d9b641f380
 Prev Bits: [0x000002d9c1ad0000, 0x000002d9c3a40000)
 Next Bits: [0x000002d9c3a40000, 0x000002d9c59b0000)

Polling page: 0x000002d9b4250000

Metaspace:

Usage:
  Non-class:     45.92 MB used.
      Class:      7.43 MB used.
       Both:     53.35 MB used.

Virtual space:
  Non-class space:       48.00 MB reserved,      46.19 MB ( 96%) committed,  6 nodes.
      Class space:        1.00 GB reserved,       7.62 MB ( <1%) committed,  1 nodes.
             Both:        1.05 GB reserved,      53.81 MB (  5%) committed. 

Chunk freelists:
   Non-Class:  1.80 MB
       Class:  225.00 KB
        Both:  2.02 MB

MaxMetaspaceSize: unlimited
CompressedClassSpaceSize: 1.00 GB
Initial GC threshold: 21.00 MB
Current GC threshold: 58.88 MB
CDS: on
MetaspaceReclaimPolicy: balanced
 - commit_granule_bytes: 65536.
 - commit_granule_words: 8192.
 - virtual_space_node_default_size: 1048576.
 - enlarge_chunks_in_place: 1.
 - new_chunks_are_fully_committed: 0.
 - uncommit_free_chunks: 1.
 - use_allocation_guard: 0.
 - handle_deallocations: 1.


Internal statistics:

num_allocs_failed_limit: 6.
num_arena_births: 556.
num_arena_deaths: 0.
num_vsnodes_births: 7.
num_vsnodes_deaths: 0.
num_space_committed: 861.
num_space_uncommitted: 0.
num_chunks_returned_to_freelist: 6.
num_chunks_taken_from_freelist: 2576.
num_chunk_merges: 6.
num_chunk_splits: 1831.
num_chunks_enlarged: 1412.
num_purges: 0.
num_inconsistent_stats: 0.

CodeCache: size=49152Kb used=9806Kb max_used=10560Kb free=39345Kb
 bounds [0x000002d9bdbd0000, 0x000002d9be630000, 0x000002d9c0bd0000]
 total_blobs=5995 nmethods=5191 adapters=730
 compilation: enabled
              stopped_count=0, restarted_count=0
 full_count=0

Compilation events (20 events):
Event: 66.571 Thread 0x000002d9c92f5190 5180   !   1       org.bytedeco.javacpp.Loader::cacheResource (1890 bytes)
Event: 66.571 Thread 0x000002d9c86898f0 5181   !   1       sun.net.www.protocol.jar.Handler::parseAbsoluteSpec (85 bytes)
Event: 66.571 Thread 0x000002d9c86898f0 nmethod 5181 0x000002d9bde77a90 code [0x000002d9bde77ce0, 0x000002d9bde78338]
Event: 66.571 Thread 0x000002d9c86898f0 5182       1       java.util.zip.ZipEntry::getTime (40 bytes)
Event: 66.571 Thread 0x000002d9c86898f0 nmethod 5182 0x000002d9bde77690 code [0x000002d9bde77840, 0x000002d9bde779b8]
Event: 66.572 Thread 0x000002d9c86898f0 5183   !   1       org.bytedeco.javacpp.Loader::createLibraryLink (914 bytes)
Event: 66.581 Thread 0x000002d9c86898f0 nmethod 5183 0x000002d9bde6ef90 code [0x000002d9bde6f9a0, 0x000002d9bde73a98]
Event: 66.592 Thread 0x000002d9c92f5190 nmethod 5180 0x000002d9bde51a10 code [0x000002d9bde536e0, 0x000002d9bde64978]
Event: 66.721 Thread 0x000002d9c92f5190 5184       1       java.util.regex.Pattern$BnM::optimize (179 bytes)
Event: 66.721 Thread 0x000002d9c92f5190 nmethod 5184 0x000002d9bde50790 code [0x000002d9bde50980, 0x000002d9bde51108]
Event: 67.690 Thread 0x000002d9c86898f0 5187       1       org.bytedeco.javacpp.ClassProperties::getProperty (30 bytes)
Event: 67.691 Thread 0x000002d9c86898f0 nmethod 5187 0x000002d9bde4f810 code [0x000002d9bde4fa00, 0x000002d9bde4fda8]
Event: 67.817 Thread 0x000002d9c86898f0 5188       1       java.nio.channels.spi.AbstractInterruptibleChannel::blockedOn (10 bytes)
Event: 67.818 Thread 0x000002d9c86898f0 nmethod 5188 0x000002d9bde4f310 code [0x000002d9bde4f4a0, 0x000002d9bde4f6d8]
Event: 67.818 Thread 0x000002d9c86898f0 5189       1       java.lang.System$2::blockedOn (5 bytes)
Event: 67.818 Thread 0x000002d9c86898f0 nmethod 5189 0x000002d9bde4ee90 code [0x000002d9bde4f020, 0x000002d9bde4f238]
Event: 67.818 Thread 0x000002d9c86898f0 5190   !   1       java.lang.Thread::blockedOn (27 bytes)
Event: 67.818 Thread 0x000002d9c86898f0 nmethod 5190 0x000002d9bde4ea10 code [0x000002d9bde4eba0, 0x000002d9bde4ed98]
Event: 68.491 Thread 0x000002d9c86898f0 5191       1       java.util.concurrent.locks.AbstractQueuedSynchronizer$ConditionNode::isReleasable (23 bytes)
Event: 68.491 Thread 0x000002d9c86898f0 nmethod 5191 0x000002d9bde4e690 code [0x000002d9bde4e820, 0x000002d9bde4e918]

GC Heap History (20 events):
Event: 3.814 GC heap before
{Heap before GC invocations=9 (full 0):
 garbage-first heap   total 73728K, used 54860K [0x0000000082400000, 0x0000000100000000)
  region size 1024K, 37 young (37888K), 1 survivors (1024K)
 Metaspace       used 27134K, committed 27456K, reserved 1073152K
  class space    used 3738K, committed 3904K, reserved 1048576K
}
Event: 3.817 GC heap after
{Heap after GC invocations=10 (full 0):
 garbage-first heap   total 73728K, used 19873K [0x0000000082400000, 0x0000000100000000)
  region size 1024K, 2 young (2048K), 2 survivors (2048K)
 Metaspace       used 27134K, committed 27456K, reserved 1073152K
  class space    used 3738K, committed 3904K, reserved 1048576K
}
Event: 4.488 GC heap before
{Heap before GC invocations=10 (full 0):
 garbage-first heap   total 73728K, used 56737K [0x0000000082400000, 0x0000000100000000)
  region size 1024K, 38 young (38912K), 2 survivors (2048K)
 Metaspace       used 33126K, committed 33536K, reserved 1081344K
  class space    used 4712K, committed 4928K, reserved 1048576K
}
Event: 4.491 GC heap after
{Heap after GC invocations=11 (full 0):
 garbage-first heap   total 73728K, used 20968K [0x0000000082400000, 0x0000000100000000)
  region size 1024K, 3 young (3072K), 3 survivors (3072K)
 Metaspace       used 33126K, committed 33536K, reserved 1081344K
  class space    used 4712K, committed 4928K, reserved 1048576K
}
Event: 4.799 GC heap before
{Heap before GC invocations=11 (full 0):
 garbage-first heap   total 73728K, used 34280K [0x0000000082400000, 0x0000000100000000)
  region size 1024K, 17 young (17408K), 3 survivors (3072K)
 Metaspace       used 35628K, committed 35968K, reserved 1081344K
  class space    used 5058K, committed 5248K, reserved 1048576K
}
Event: 4.802 GC heap after
{Heap after GC invocations=12 (full 0):
 garbage-first heap   total 73728K, used 21556K [0x0000000082400000, 0x0000000100000000)
  region size 1024K, 4 young (4096K), 4 survivors (4096K)
 Metaspace       used 35628K, committed 35968K, reserved 1081344K
  class space    used 5058K, committed 5248K, reserved 1048576K
}
Event: 5.449 GC heap before
{Heap before GC invocations=13 (full 0):
 garbage-first heap   total 73728K, used 58420K [0x0000000082400000, 0x0000000100000000)
  region size 1024K, 40 young (40960K), 4 survivors (4096K)
 Metaspace       used 41369K, committed 41728K, reserved 1089536K
  class space    used 5983K, committed 6144K, reserved 1048576K
}
Event: 5.452 GC heap after
{Heap after GC invocations=14 (full 0):
 garbage-first heap   total 73728K, used 22808K [0x0000000082400000, 0x0000000100000000)
  region size 1024K, 3 young (3072K), 3 survivors (3072K)
 Metaspace       used 41369K, committed 41728K, reserved 1089536K
  class space    used 5983K, committed 6144K, reserved 1048576K
}
Event: 5.932 GC heap before
{Heap before GC invocations=14 (full 0):
 garbage-first heap   total 73728K, used 59672K [0x0000000082400000, 0x0000000100000000)
  region size 1024K, 39 young (39936K), 3 survivors (3072K)
 Metaspace       used 45710K, committed 46144K, reserved 1089536K
  class space    used 6552K, committed 6720K, reserved 1048576K
}
Event: 5.936 GC heap after
{Heap after GC invocations=15 (full 0):
 garbage-first heap   total 73728K, used 24487K [0x0000000082400000, 0x0000000100000000)
  region size 1024K, 4 young (4096K), 4 survivors (4096K)
 Metaspace       used 45710K, committed 46144K, reserved 1089536K
  class space    used 6552K, committed 6720K, reserved 1048576K
}
Event: 6.314 GC heap before
{Heap before GC invocations=15 (full 0):
 garbage-first heap   total 73728K, used 59303K [0x0000000082400000, 0x0000000100000000)
  region size 1024K, 38 young (38912K), 4 survivors (4096K)
 Metaspace       used 48119K, committed 48512K, reserved 1097728K
  class space    used 6899K, committed 7104K, reserved 1048576K
}
Event: 6.318 GC heap after
{Heap after GC invocations=16 (full 0):
 garbage-first heap   total 73728K, used 26624K [0x0000000082400000, 0x0000000100000000)
  region size 1024K, 4 young (4096K), 4 survivors (4096K)
 Metaspace       used 48119K, committed 48512K, reserved 1097728K
  class space    used 6899K, committed 7104K, reserved 1048576K
}
Event: 64.903 GC heap before
{Heap before GC invocations=16 (full 0):
 garbage-first heap   total 73728K, used 59392K [0x0000000082400000, 0x0000000100000000)
  region size 1024K, 36 young (36864K), 4 survivors (4096K)
 Metaspace       used 53636K, committed 54080K, reserved 1097728K
  class space    used 7478K, committed 7680K, reserved 1048576K
}
Event: 64.910 GC heap after
{Heap after GC invocations=17 (full 0):
 garbage-first heap   total 147456K, used 28369K [0x0000000082400000, 0x0000000100000000)
  region size 1024K, 4 young (4096K), 4 survivors (4096K)
 Metaspace       used 53636K, committed 54080K, reserved 1097728K
  class space    used 7478K, committed 7680K, reserved 1048576K
}
Event: 65.404 GC heap before
{Heap before GC invocations=17 (full 0):
 garbage-first heap   total 147456K, used 112337K [0x0000000082400000, 0x0000000100000000)
  region size 1024K, 86 young (88064K), 4 survivors (4096K)
 Metaspace       used 53658K, committed 54144K, reserved 1097728K
  class space    used 7481K, committed 7680K, reserved 1048576K
}
Event: 65.408 GC heap after
{Heap after GC invocations=18 (full 0):
 garbage-first heap   total 147456K, used 28349K [0x0000000082400000, 0x0000000100000000)
  region size 1024K, 4 young (4096K), 4 survivors (4096K)
 Metaspace       used 53658K, committed 54144K, reserved 1097728K
  class space    used 7481K, committed 7680K, reserved 1048576K
}
Event: 65.737 GC heap before
{Heap before GC invocations=18 (full 0):
 garbage-first heap   total 147456K, used 112317K [0x0000000082400000, 0x0000000100000000)
  region size 1024K, 86 young (88064K), 4 survivors (4096K)
 Metaspace       used 53658K, committed 54144K, reserved 1097728K
  class space    used 7481K, committed 7680K, reserved 1048576K
}
Event: 65.741 GC heap after
{Heap after GC invocations=19 (full 0):
 garbage-first heap   total 147456K, used 28268K [0x0000000082400000, 0x0000000100000000)
  region size 1024K, 4 young (4096K), 4 survivors (4096K)
 Metaspace       used 53658K, committed 54144K, reserved 1097728K
  class space    used 7481K, committed 7680K, reserved 1048576K
}
Event: 66.097 GC heap before
{Heap before GC invocations=19 (full 0):
 garbage-first heap   total 147456K, used 112236K [0x0000000082400000, 0x0000000100000000)
  region size 1024K, 86 young (88064K), 4 survivors (4096K)
 Metaspace       used 53658K, committed 54144K, reserved 1097728K
  class space    used 7481K, committed 7680K, reserved 1048576K
}
Event: 66.100 GC heap after
{Heap after GC invocations=20 (full 0):
 garbage-first heap   total 147456K, used 28475K [0x0000000082400000, 0x0000000100000000)
  region size 1024K, 4 young (4096K), 4 survivors (4096K)
 Metaspace       used 53658K, committed 54144K, reserved 1097728K
  class space    used 7481K, committed 7680K, reserved 1048576K
}

Deoptimization events (16 events):
Event: 1.048 Thread 0x000002d9b63deeb0 DEOPT PACKING pc=0x000002d9bdf98c75 sp=0x000000eaf95fdd00
Event: 1.048 Thread 0x000002d9b63deeb0 DEOPT UNPACKING pc=0x000002d9bdc22b43 sp=0x000000eaf95fd158 mode 3
Event: 1.775 Thread 0x000002d9b63deeb0 DEOPT PACKING pc=0x000002d9be19ce19 sp=0x000000eaf95fd710
Event: 1.775 Thread 0x000002d9b63deeb0 DEOPT UNPACKING pc=0x000002d9bdc22b43 sp=0x000000eaf95fcbf0 mode 3
Event: 2.000 Thread 0x000002d9b63deeb0 DEOPT PACKING pc=0x000002d9be1d542d sp=0x000000eaf95feab0
Event: 2.000 Thread 0x000002d9b63deeb0 DEOPT UNPACKING pc=0x000002d9bdc22b43 sp=0x000000eaf95fe010 mode 3
Event: 2.632 Thread 0x000002d9b63deeb0 DEOPT PACKING pc=0x000002d9be1ddaa4 sp=0x000000eaf95fdbe0
Event: 2.632 Thread 0x000002d9b63deeb0 DEOPT UNPACKING pc=0x000002d9bdc22b43 sp=0x000000eaf95fd138 mode 0
Event: 2.885 Thread 0x000002d9b63deeb0 DEOPT PACKING pc=0x000002d9be36a375 sp=0x000000eaf95fe390
Event: 2.885 Thread 0x000002d9b63deeb0 DEOPT UNPACKING pc=0x000002d9bdc22b43 sp=0x000000eaf95fd800 mode 3
Event: 3.700 Thread 0x000002d9b63deeb0 DEOPT PACKING pc=0x000002d9be3fa11d sp=0x000000eaf95fcb40
Event: 3.700 Thread 0x000002d9b63deeb0 DEOPT UNPACKING pc=0x000002d9bdc22b43 sp=0x000000eaf95fc0a8 mode 3
Event: 6.319 Thread 0x000002d9b63deeb0 DEOPT PACKING pc=0x000002d9be1b4422 sp=0x000000eaf95fe210
Event: 6.319 Thread 0x000002d9b63deeb0 DEOPT UNPACKING pc=0x000002d9bdc22b43 sp=0x000000eaf95fd718 mode 3
Event: 6.319 Thread 0x000002d9b63deeb0 DEOPT PACKING pc=0x000002d9be18a125 sp=0x000000eaf95fe1d0
Event: 6.319 Thread 0x000002d9b63deeb0 DEOPT UNPACKING pc=0x000002d9bdc22b43 sp=0x000000eaf95fd718 mode 3

Classes unloaded (0 events):
No events

Classes redefined (0 events):
No events

Internal exceptions (20 events):
Event: 6.075 Thread 0x000002d9b63deeb0 Exception <a 'java/lang/ClassNotFoundException'{0x0000000085bf2100}: org/springframework/boot/autoconfigure/web/servlet/WebMvcAutoConfiguration$EnableWebMvcConfigurationCustomizer> (0x0000000085bf2100) 
thrown [t:\workspace\open\src\hotspot\share\classfile\systemDictionary.cpp, line 256]
Event: 6.076 Thread 0x000002d9b63deeb0 Exception <a 'java/lang/ClassNotFoundException'{0x0000000085a236e8}: org/springframework/context/ResourceLoaderAwareCustomizer> (0x0000000085a236e8) 
thrown [t:\workspace\open\src\hotspot\share\classfile\systemDictionary.cpp, line 256]
Event: 6.076 Thread 0x000002d9b63deeb0 Exception <a 'java/lang/ClassNotFoundException'{0x0000000085a463e0}: org/springframework/beans/factory/AwareCustomizer> (0x0000000085a463e0) 
thrown [t:\workspace\open\src\hotspot\share\classfile\systemDictionary.cpp, line 256]
Event: 6.077 Thread 0x000002d9b63deeb0 Exception <a 'java/lang/ClassNotFoundException'{0x0000000085a69b78}: org/springframework/context/ApplicationContextAwareCustomizer> (0x0000000085a69b78) 
thrown [t:\workspace\open\src\hotspot\share\classfile\systemDictionary.cpp, line 256]
Event: 6.077 Thread 0x000002d9b63deeb0 Exception <a 'java/lang/ClassNotFoundException'{0x0000000085a8d380}: org/springframework/beans/factory/AwareCustomizer> (0x0000000085a8d380) 
thrown [t:\workspace\open\src\hotspot\share\classfile\systemDictionary.cpp, line 256]
Event: 6.078 Thread 0x000002d9b63deeb0 Exception <a 'java/lang/ClassNotFoundException'{0x0000000085ab0af0}: org/springframework/web/context/ServletContextAwareCustomizer> (0x0000000085ab0af0) 
thrown [t:\workspace\open\src\hotspot\share\classfile\systemDictionary.cpp, line 256]
Event: 6.079 Thread 0x000002d9b63deeb0 Exception <a 'java/lang/ClassNotFoundException'{0x0000000085ad3c20}: org/springframework/beans/factory/AwareCustomizer> (0x0000000085ad3c20) 
thrown [t:\workspace\open\src\hotspot\share\classfile\systemDictionary.cpp, line 256]
Event: 6.194 Thread 0x000002d9b63deeb0 Exception <a 'java/lang/NoSuchMethodError'{0x00000000850935e0}: 'void java.lang.invoke.DirectMethodHandle$Holder.invokeVirtual(java.lang.Object, java.lang.Object, int)'> (0x00000000850935e0) 
thrown [t:\workspace\open\src\hotspot\share\interpreter\linkResolver.cpp, line 766]
Event: 6.196 Thread 0x000002d9b63deeb0 Exception <a 'java/lang/NoSuchMethodError'{0x00000000850ae188}: 'void java.lang.invoke.DirectMethodHandle$Holder.invokeVirtual(java.lang.Object, java.lang.Object, long)'> (0x00000000850ae188) 
thrown [t:\workspace\open\src\hotspot\share\interpreter\linkResolver.cpp, line 766]
Event: 6.328 Thread 0x000002d9b63deeb0 Exception <a 'java/lang/IncompatibleClassChangeError'{0x000000008a185388}: Found class java.lang.Object, but interface was expected> (0x000000008a185388) 
thrown [t:\workspace\open\src\hotspot\share\interpreter\linkResolver.cpp, line 833]
Event: 6.359 Thread 0x000002d9b63deeb0 Exception <a 'java/lang/NoSuchMethodError'{0x0000000087a2e340}: 'int java.lang.invoke.DirectMethodHandle$Holder.invokeStaticInit(java.lang.Object, java.lang.Object, java.lang.Object, java.lang.Object)'> (0x0000000087a2e340) 
thrown [t:\workspace\open\src\hotspot\share\interpreter\linkResolver.cpp, line 766]
Event: 6.452 Thread 0x000002d9b63deeb0 Exception <a 'java/lang/NoSuchMethodError'{0x00000000862543e0}: 'java.lang.Object java.lang.invoke.DirectMethodHandle$Holder.invokeSpecial(java.lang.Object, java.lang.Object, int, java.lang.Object, int, java.lang.Object)'> (0x00000000862543e0) 
thrown [t:\workspace\open\src\hotspot\share\interpreter\linkResolver.cpp, line 766]
Event: 6.453 Thread 0x000002d9b63deeb0 Exception <a 'java/lang/NoSuchMethodError'{0x000000008625c1e0}: 'java.lang.Object java.lang.invoke.DirectMethodHandle$Holder.newInvokeSpecial(java.lang.Object, java.lang.Object, int, java.lang.Object, int)'> (0x000000008625c1e0) 
thrown [t:\workspace\open\src\hotspot\share\interpreter\linkResolver.cpp, line 766]
Event: 6.453 Thread 0x000002d9b63deeb0 Exception <a 'java/lang/NoSuchMethodError'{0x00000000862602e0}: 'java.lang.Object java.lang.invoke.DirectMethodHandle$Holder.invokeSpecial(java.lang.Object, java.lang.Object, java.lang.Object, int, java.lang.Object, int)'> (0x00000000862602e0) 
thrown [t:\workspace\open\src\hotspot\share\interpreter\linkResolver.cpp, line 766]
Event: 6.454 Thread 0x000002d9b63deeb0 Exception <a 'java/lang/NoSuchMethodError'{0x000000008626c8b8}: 'void java.lang.invoke.DirectMethodHandle$Holder.invokeVirtual(java.lang.Object, java.lang.Object)'> (0x000000008626c8b8) 
thrown [t:\workspace\open\src\hotspot\share\interpreter\linkResolver.cpp, line 766]
Event: 53.541 Thread 0x000002d9cabc5e40 Exception <a 'java/lang/NoSuchMethodError'{0x0000000085ae0638}: 'java.lang.Object java.lang.invoke.DirectMethodHandle$Holder.invokeStatic(java.lang.Object, int, int)'> (0x0000000085ae0638) 
thrown [t:\workspace\open\src\hotspot\share\interpreter\linkResolver.cpp, line 766]
Event: 53.617 Thread 0x000002d9cabc5e40 Exception <a 'java/lang/NoSuchMethodError'{0x000000008574a048}: 'java.lang.Object java.lang.invoke.DirectMethodHandle$Holder.invokeInterface(java.lang.Object, java.lang.Object, java.lang.Object, java.lang.Object)'> (0x000000008574a048) 
thrown [t:\workspace\open\src\hotspot\share\interpreter\linkResolver.cpp, line 766]
Event: 53.649 Thread 0x000002d9cabc5e40 Exception <a 'java/lang/NoSuchMethodError'{0x000000008569b1c8}: 'java.lang.Object java.lang.invoke.DirectMethodHandle$Holder.invokeStaticInit(java.lang.Object, java.lang.Object, java.lang.Object, java.lang.Object, java.lang.Object, java.lang.Object)'> (0x000000008569b1c8) 
thrown [t:\workspace\open\src\hotspot\share\interpreter\linkResolver.cpp, line 766]
Event: 66.234 Thread 0x000002d9cabc7b20 Exception <a 'sun/nio/fs/WindowsException'{0x000000008a77ea20}> (0x000000008a77ea20) 
thrown [t:\workspace\open\src\hotspot\share\prims\jni.cpp, line 516]
Event: 66.235 Thread 0x000002d9cabc7b20 Exception <a 'sun/nio/fs/WindowsException'{0x000000008a77ea50}> (0x000000008a77ea50) 
thrown [t:\workspace\open\src\hotspot\share\prims\jni.cpp, line 516]

VM Operations (20 events):
Event: 53.658 Executing VM operation: HandshakeAllThreads
Event: 53.658 Executing VM operation: HandshakeAllThreads done
Event: 53.711 Executing VM operation: HandshakeAllThreads
Event: 53.711 Executing VM operation: HandshakeAllThreads done
Event: 53.779 Executing VM operation: HandshakeAllThreads
Event: 53.779 Executing VM operation: HandshakeAllThreads done
Event: 54.785 Executing VM operation: Cleanup
Event: 54.786 Executing VM operation: Cleanup done
Event: 64.886 Executing VM operation: Cleanup
Event: 64.886 Executing VM operation: Cleanup done
Event: 64.902 Executing VM operation: G1CollectForAllocation
Event: 64.910 Executing VM operation: G1CollectForAllocation done
Event: 65.404 Executing VM operation: G1CollectForAllocation
Event: 65.408 Executing VM operation: G1CollectForAllocation done
Event: 65.737 Executing VM operation: G1CollectForAllocation
Event: 65.741 Executing VM operation: G1CollectForAllocation done
Event: 66.096 Executing VM operation: G1CollectForAllocation
Event: 66.101 Executing VM operation: G1CollectForAllocation done
Event: 67.115 Executing VM operation: Cleanup
Event: 67.115 Executing VM operation: Cleanup done

Events (20 events):
Event: 65.865 Loaded shared library C:\Users\silvi\.javacpp\cache\javacpp-1.5.6-windows-x86_64.jar\org\bytedeco\javacpp\windows-x86_64\ucrtbase.dll
Event: 65.901 Loaded shared library C:\Users\silvi\.javacpp\cache\javacpp-1.5.6-windows-x86_64.jar\org\bytedeco\javacpp\windows-x86_64\vcruntime140.dll
Event: 65.936 Loaded shared library C:\Users\silvi\.javacpp\cache\javacpp-1.5.6-windows-x86_64.jar\org\bytedeco\javacpp\windows-x86_64\vcruntime140_1.dll
Event: 65.976 Loaded shared library C:\Users\silvi\.javacpp\cache\javacpp-1.5.6-windows-x86_64.jar\org\bytedeco\javacpp\windows-x86_64\msvcp140.dll
Event: 66.011 Loaded shared library C:\Users\silvi\.javacpp\cache\javacpp-1.5.6-windows-x86_64.jar\org\bytedeco\javacpp\windows-x86_64\msvcp140_1.dll
Event: 66.049 Loaded shared library C:\Users\silvi\.javacpp\cache\javacpp-1.5.6-windows-x86_64.jar\org\bytedeco\javacpp\windows-x86_64\concrt140.dll
Event: 66.091 Loaded shared library C:\Users\silvi\.javacpp\cache\javacpp-1.5.6-windows-x86_64.jar\org\bytedeco\javacpp\windows-x86_64\vcomp140.dll
Event: 66.136 Loaded shared library C:\Users\silvi\.javacpp\cache\javacpp-1.5.6-windows-x86_64.jar\org\bytedeco\javacpp\windows-x86_64\jnijavacpp.dll
Event: 66.149 Thread 0x000002d9cd182530 Thread added: 0x000002d9cd182530
Event: 66.233 loading class sun/nio/fs/WindowsLinkSupport
Event: 66.233 loading class sun/nio/fs/WindowsLinkSupport done
Event: 66.237 Loaded shared library C:\Users\silvi\.javacpp\cache\leptonica-1.81.1-1.5.6-windows-x86_64.jar\org\bytedeco\leptonica\windows-x86_64\libwinpthread-1.dll
Event: 66.262 Loaded shared library C:\Users\silvi\.javacpp\cache\leptonica-1.81.1-1.5.6-windows-x86_64.jar\org\bytedeco\leptonica\windows-x86_64\libgcc_s_seh-1.dll
Event: 66.277 Loaded shared library C:\Users\silvi\.javacpp\cache\leptonica-1.81.1-1.5.6-windows-x86_64.jar\org\bytedeco\leptonica\windows-x86_64\libgomp-1.dll
Event: 66.306 Loaded shared library C:\Users\silvi\.javacpp\cache\leptonica-1.81.1-1.5.6-windows-x86_64.jar\org\bytedeco\leptonica\windows-x86_64\libstdc++-6.dll
Event: 66.363 Loaded shared library C:\Users\silvi\.javacpp\cache\leptonica-1.81.1-1.5.6-windows-x86_64.jar\org\bytedeco\leptonica\windows-x86_64\liblept-5.dll
Event: 66.431 Loaded shared library C:\Users\silvi\.javacpp\cache\leptonica-1.81.1-1.5.6-windows-x86_64.jar\org\bytedeco\leptonica\windows-x86_64\jnilept.dll
Event: 66.615 Loaded shared library C:\Users\silvi\.javacpp\cache\tesseract-4.1.1-1.5.6-windows-x86_64.jar\org\bytedeco\tesseract\windows-x86_64\libtesseract-4.dll
Event: 66.643 Loaded shared library C:\Users\silvi\.javacpp\cache\tesseract-4.1.1-1.5.6-windows-x86_64.jar\org\bytedeco\tesseract\windows-x86_64\jnitesseract.dll
Event: 67.690 Thread 0x000002d9c92f5190 Thread exited: 0x000002d9c92f5190


Dynamic libraries:
0x00007ff7a18e0000 - 0x00007ff7a18f0000 	C:\Program Files\Java\jdk-17\bin\java.exe
0x00007ffd0e830000 - 0x00007ffd0ea28000 	C:\Windows\SYSTEM32\ntdll.dll
0x00007ffd0d150000 - 0x00007ffd0d20f000 	C:\Windows\System32\KERNEL32.DLL
0x00007ffd0c170000 - 0x00007ffd0c466000 	C:\Windows\System32\KERNELBASE.dll
0x00007ffd0c520000 - 0x00007ffd0c620000 	C:\Windows\System32\ucrtbase.dll
0x00007ffce0740000 - 0x00007ffce0758000 	C:\Program Files\Java\jdk-17\bin\jli.dll
0x00007ffce0720000 - 0x00007ffce073a000 	C:\Program Files\Java\jdk-17\bin\VCRUNTIME140.dll
0x00007ffd0e4d0000 - 0x00007ffd0e57f000 	C:\Windows\System32\ADVAPI32.dll
0x00007ffd0dae0000 - 0x00007ffd0db7e000 	C:\Windows\System32\msvcrt.dll
0x00007ffd0dde0000 - 0x00007ffd0de7c000 	C:\Windows\System32\sechost.dll
0x00007ffd0e040000 - 0x00007ffd0e166000 	C:\Windows\System32\RPCRT4.dll
0x00007ffd0cfb0000 - 0x00007ffd0d14d000 	C:\Windows\System32\USER32.dll
0x00007ffcf4390000 - 0x00007ffcf462a000 	C:\Windows\WinSxS\amd64_microsoft.windows.common-controls_6595b64144ccf1df_6.0.19041.1110_none_60b5254171f9507e\COMCTL32.dll
0x00007ffd0c0f0000 - 0x00007ffd0c112000 	C:\Windows\System32\win32u.dll
0x00007ffd0de80000 - 0x00007ffd0deac000 	C:\Windows\System32\GDI32.dll
0x00007ffd0bfd0000 - 0x00007ffd0c0e5000 	C:\Windows\System32\gdi32full.dll
0x00007ffd0c7f0000 - 0x00007ffd0c88d000 	C:\Windows\System32\msvcp_win.dll
0x00007ffd051a0000 - 0x00007ffd051aa000 	C:\Windows\SYSTEM32\VERSION.dll
0x00007ffd0dc40000 - 0x00007ffd0dc70000 	C:\Windows\System32\IMM32.DLL
0x00007ffce00f0000 - 0x00007ffce00fc000 	C:\Program Files\Java\jdk-17\bin\vcruntime140_1.dll
0x00007ffce0060000 - 0x00007ffce00ed000 	C:\Program Files\Java\jdk-17\bin\msvcp140.dll
0x00007ffcdf290000 - 0x00007ffcdfe4e000 	C:\Program Files\Java\jdk-17\bin\server\jvm.dll
0x00007ffd0cd30000 - 0x00007ffd0cd38000 	C:\Windows\System32\PSAPI.DLL
0x00007ffcf1590000 - 0x00007ffcf1599000 	C:\Windows\SYSTEM32\WSOCK32.dll
0x00007ffcf8f00000 - 0x00007ffcf8f27000 	C:\Windows\SYSTEM32\WINMM.dll
0x00007ffd0da70000 - 0x00007ffd0dadb000 	C:\Windows\System32\WS2_32.dll
0x00007ffd0a750000 - 0x00007ffd0a762000 	C:\Windows\SYSTEM32\kernel.appcore.dll
0x00007ffce0000000 - 0x00007ffce000a000 	C:\Program Files\Java\jdk-17\bin\jimage.dll
0x00007ffd09cd0000 - 0x00007ffd09eb4000 	C:\Windows\SYSTEM32\DBGHELP.DLL
0x00007ffcefa90000 - 0x00007ffcefac4000 	C:\Windows\SYSTEM32\dbgcore.DLL
0x00007ffd0bf10000 - 0x00007ffd0bf92000 	C:\Windows\System32\bcryptPrimitives.dll
0x00007ffd06dd0000 - 0x00007ffd06dde000 	C:\Program Files\Java\jdk-17\bin\instrument.dll
0x00007ffcdffa0000 - 0x00007ffcdffc5000 	C:\Program Files\Java\jdk-17\bin\java.dll
0x00007ffcde9f0000 - 0x00007ffcdeac6000 	C:\Program Files\Java\jdk-17\bin\svml.dll
0x00007ffd0d320000 - 0x00007ffd0da64000 	C:\Windows\System32\SHELL32.dll
0x00007ffd09fb0000 - 0x00007ffd0a743000 	C:\Windows\SYSTEM32\windows.storage.dll
0x00007ffd0e170000 - 0x00007ffd0e4c4000 	C:\Windows\System32\combase.dll
0x00007ffd0b970000 - 0x00007ffd0b99e000 	C:\Windows\SYSTEM32\Wldp.dll
0x00007ffd0db80000 - 0x00007ffd0dc2d000 	C:\Windows\System32\SHCORE.dll
0x00007ffd0e790000 - 0x00007ffd0e7e5000 	C:\Windows\System32\shlwapi.dll
0x00007ffd0be50000 - 0x00007ffd0be6f000 	C:\Windows\SYSTEM32\profapi.dll
0x00007ffcde7c0000 - 0x00007ffcde7d8000 	C:\Program Files\Java\jdk-17\bin\zip.dll
0x00007ffcde800000 - 0x00007ffcde819000 	C:\Program Files\Java\jdk-17\bin\net.dll
0x00007ffd05790000 - 0x00007ffd0589a000 	C:\Windows\SYSTEM32\WINHTTP.dll
0x00007ffd0b6d0000 - 0x00007ffd0b73a000 	C:\Windows\system32\mswsock.dll
0x00007ffcde7e0000 - 0x00007ffcde7f5000 	C:\Program Files\Java\jdk-17\bin\nio.dll
0x00007ffd06db0000 - 0x00007ffd06dca000 	C:\Program Files\JetBrains\IntelliJ IDEA 2021.2.2\bin\breakgen64.dll
0x00007ffd0b3b0000 - 0x00007ffd0b47b000 	C:\Windows\SYSTEM32\DNSAPI.dll
0x00007ffd0b370000 - 0x00007ffd0b3ac000 	C:\Windows\SYSTEM32\IPHLPAPI.DLL
0x00007ffd0c8b0000 - 0x00007ffd0c8b8000 	C:\Windows\System32\NSI.dll
0x00007ffcf7fe0000 - 0x00007ffcf7fea000 	C:\Windows\System32\rasadhlp.dll
0x00007ffcf8430000 - 0x00007ffcf84b2000 	C:\Windows\System32\fwpuclnt.dll
0x00007ffd0bfa0000 - 0x00007ffd0bfc7000 	C:\Windows\System32\bcrypt.dll
0x00007ffcd8ad0000 - 0x00007ffcd8ad9000 	C:\Program Files\Java\jdk-17\bin\management.dll
0x00007ffcd8ac0000 - 0x00007ffcd8acb000 	C:\Program Files\Java\jdk-17\bin\management_ext.dll
0x00007ffd0b8d0000 - 0x00007ffd0b8e8000 	C:\Windows\SYSTEM32\CRYPTSP.dll
0x00007ffd0af80000 - 0x00007ffd0afb4000 	C:\Windows\system32\rsaenh.dll
0x00007ffd0bdd0000 - 0x00007ffd0bdfe000 	C:\Windows\SYSTEM32\USERENV.dll
0x00007ffd0b8c0000 - 0x00007ffd0b8cc000 	C:\Windows\SYSTEM32\CRYPTBASE.dll
0x00007ffd038a0000 - 0x00007ffd038b7000 	C:\Windows\SYSTEM32\dhcpcsvc6.DLL
0x00007ffd043f0000 - 0x00007ffd0440d000 	C:\Windows\SYSTEM32\dhcpcsvc.DLL
0x00007ffcde7a0000 - 0x00007ffcde7b7000 	C:\Windows\system32\napinsp.dll
0x00007ffcde780000 - 0x00007ffcde79b000 	C:\Windows\system32\pnrpnsp.dll
0x00007ffcde760000 - 0x00007ffcde775000 	C:\Windows\system32\wshbth.dll
0x00007ffd07690000 - 0x00007ffd076ad000 	C:\Windows\system32\NLAapi.dll
0x00007ffcde740000 - 0x00007ffcde752000 	C:\Windows\System32\winrnr.dll
0x00007ffcf0730000 - 0x00007ffcf0740000 	C:\Program Files\Java\jdk-17\bin\verify.dll
0x00007ffcdac70000 - 0x00007ffcdac7e000 	C:\Program Files\Java\jdk-17\bin\sunmscapi.dll
0x00007ffd0c620000 - 0x00007ffd0c77e000 	C:\Windows\System32\CRYPT32.dll
0x00007ffd0b9e0000 - 0x00007ffd0ba08000 	C:\Windows\SYSTEM32\ncrypt.dll
0x00007ffd0b9a0000 - 0x00007ffd0b9db000 	C:\Windows\SYSTEM32\NTASN1.dll
0x0000000067740000 - 0x0000000067818000 	C:\Users\silvi\AppData\Local\Temp\sqlite-3.34.0-d658ac89-bd51-4c43-b0ee-4e34f940f060-sqlitejdbc.dll
0x00007ffcd88b0000 - 0x00007ffcd88b7000 	C:\Windows\system32\wshunix.dll
0x000002d9b6390000 - 0x000002d9b6393000 	C:\Users\silvi\.javacpp\cache\javacpp-1.5.6-windows-x86_64.jar\org\bytedeco\javacpp\windows-x86_64\api-ms-win-crt-locale-l1-1-0.dll
0x000002d9cb150000 - 0x000002d9cb154000 	C:\Users\silvi\.javacpp\cache\javacpp-1.5.6-windows-x86_64.jar\org\bytedeco\javacpp\windows-x86_64\api-ms-win-crt-string-l1-1-0.dll
0x000002d9cb160000 - 0x000002d9cb164000 	C:\Users\silvi\.javacpp\cache\javacpp-1.5.6-windows-x86_64.jar\org\bytedeco\javacpp\windows-x86_64\api-ms-win-crt-stdio-l1-1-0.dll
0x000002d9cb170000 - 0x000002d9cb175000 	C:\Users\silvi\.javacpp\cache\javacpp-1.5.6-windows-x86_64.jar\org\bytedeco\javacpp\windows-x86_64\api-ms-win-crt-math-l1-1-0.dll
0x000002d9cb180000 - 0x000002d9cb183000 	C:\Users\silvi\.javacpp\cache\javacpp-1.5.6-windows-x86_64.jar\org\bytedeco\javacpp\windows-x86_64\api-ms-win-crt-heap-l1-1-0.dll
0x000002d9cb190000 - 0x000002d9cb194000 	C:\Users\silvi\.javacpp\cache\javacpp-1.5.6-windows-x86_64.jar\org\bytedeco\javacpp\windows-x86_64\api-ms-win-crt-runtime-l1-1-0.dll
0x000002d9cb1a0000 - 0x000002d9cb1a4000 	C:\Users\silvi\.javacpp\cache\javacpp-1.5.6-windows-x86_64.jar\org\bytedeco\javacpp\windows-x86_64\api-ms-win-crt-convert-l1-1-0.dll
0x000002d9cb1b0000 - 0x000002d9cb1b3000 	C:\Users\silvi\.javacpp\cache\javacpp-1.5.6-windows-x86_64.jar\org\bytedeco\javacpp\windows-x86_64\api-ms-win-crt-environment-l1-1-0.dll
0x000002d9cb1c0000 - 0x000002d9cb1c3000 	C:\Users\silvi\.javacpp\cache\javacpp-1.5.6-windows-x86_64.jar\org\bytedeco\javacpp\windows-x86_64\api-ms-win-crt-time-l1-1-0.dll
0x000002d9cb1d0000 - 0x000002d9cb1d3000 	C:\Users\silvi\.javacpp\cache\javacpp-1.5.6-windows-x86_64.jar\org\bytedeco\javacpp\windows-x86_64\api-ms-win-crt-filesystem-l1-1-0.dll
0x000002d9cb1e0000 - 0x000002d9cb1e3000 	C:\Users\silvi\.javacpp\cache\javacpp-1.5.6-windows-x86_64.jar\org\bytedeco\javacpp\windows-x86_64\api-ms-win-crt-utility-l1-1-0.dll
0x000002d9cb1f0000 - 0x000002d9cb1f5000 	C:\Users\silvi\.javacpp\cache\javacpp-1.5.6-windows-x86_64.jar\org\bytedeco\javacpp\windows-x86_64\api-ms-win-crt-multibyte-l1-1-0.dll
0x000002d9cb200000 - 0x000002d9cb203000 	C:\Users\silvi\.javacpp\cache\javacpp-1.5.6-windows-x86_64.jar\org\bytedeco\javacpp\windows-x86_64\api-ms-win-crt-conio-l1-1-0.dll
0x000002d9cb210000 - 0x000002d9cb220000 	C:\Users\silvi\.javacpp\cache\javacpp-1.5.6-windows-x86_64.jar\org\bytedeco\javacpp\windows-x86_64\api-ms-win-crt-private-l1-1-0.dll
0x000002d9cb220000 - 0x000002d9cb223000 	C:\Users\silvi\.javacpp\cache\javacpp-1.5.6-windows-x86_64.jar\org\bytedeco\javacpp\windows-x86_64\api-ms-win-crt-process-l1-1-0.dll
0x000002d9cb230000 - 0x000002d9cb233000 	C:\Users\silvi\.javacpp\cache\javacpp-1.5.6-windows-x86_64.jar\org\bytedeco\javacpp\windows-x86_64\api-ms-win-core-console-l1-2-0.dll
0x000002d9cb240000 - 0x000002d9cb243000 	C:\Users\silvi\.javacpp\cache\javacpp-1.5.6-windows-x86_64.jar\org\bytedeco\javacpp\windows-x86_64\api-ms-win-core-string-l1-1-0.dll
0x000002d9cb250000 - 0x000002d9cb253000 	C:\Users\silvi\.javacpp\cache\javacpp-1.5.6-windows-x86_64.jar\org\bytedeco\javacpp\windows-x86_64\api-ms-win-core-errorhandling-l1-1-0.dll
0x000002d9cb260000 - 0x000002d9cb263000 	C:\Users\silvi\.javacpp\cache\javacpp-1.5.6-windows-x86_64.jar\org\bytedeco\javacpp\windows-x86_64\api-ms-win-core-timezone-l1-1-0.dll
0x000002d9cb270000 - 0x000002d9cb274000 	C:\Users\silvi\.javacpp\cache\javacpp-1.5.6-windows-x86_64.jar\org\bytedeco\javacpp\windows-x86_64\api-ms-win-core-file-l1-1-0.dll
0x000002d9cb280000 - 0x000002d9cb283000 	C:\Users\silvi\.javacpp\cache\javacpp-1.5.6-windows-x86_64.jar\org\bytedeco\javacpp\windows-x86_64\api-ms-win-core-namedpipe-l1-1-0.dll
0x000002d9cb290000 - 0x000002d9cb293000 	C:\Users\silvi\.javacpp\cache\javacpp-1.5.6-windows-x86_64.jar\org\bytedeco\javacpp\windows-x86_64\api-ms-win-core-handle-l1-1-0.dll
0x000002d9cb2a0000 - 0x000002d9cb2a3000 	C:\Users\silvi\.javacpp\cache\javacpp-1.5.6-windows-x86_64.jar\org\bytedeco\javacpp\windows-x86_64\api-ms-win-core-file-l2-1-0.dll
0x000002d9cb2b0000 - 0x000002d9cb2b3000 	C:\Users\silvi\.javacpp\cache\javacpp-1.5.6-windows-x86_64.jar\org\bytedeco\javacpp\windows-x86_64\api-ms-win-core-heap-l1-1-0.dll
0x000002d9cb2c0000 - 0x000002d9cb2c3000 	C:\Users\silvi\.javacpp\cache\javacpp-1.5.6-windows-x86_64.jar\org\bytedeco\javacpp\windows-x86_64\api-ms-win-core-libraryloader-l1-1-0.dll
0x000002d9cb2d0000 - 0x000002d9cb2d3000 	C:\Users\silvi\.javacpp\cache\javacpp-1.5.6-windows-x86_64.jar\org\bytedeco\javacpp\windows-x86_64\api-ms-win-core-synch-l1-1-0.dll
0x000002d9cb2e0000 - 0x000002d9cb2e3000 	C:\Users\silvi\.javacpp\cache\javacpp-1.5.6-windows-x86_64.jar\org\bytedeco\javacpp\windows-x86_64\api-ms-win-core-processthreads-l1-1-0.dll
0x000002d9cb2f0000 - 0x000002d9cb2f3000 	C:\Users\silvi\.javacpp\cache\javacpp-1.5.6-windows-x86_64.jar\org\bytedeco\javacpp\windows-x86_64\api-ms-win-core-processenvironment-l1-1-0.dll
0x000002d9cb300000 - 0x000002d9cb303000 	C:\Users\silvi\.javacpp\cache\javacpp-1.5.6-windows-x86_64.jar\org\bytedeco\javacpp\windows-x86_64\api-ms-win-core-datetime-l1-1-0.dll
0x000002d9cb310000 - 0x000002d9cb313000 	C:\Users\silvi\.javacpp\cache\javacpp-1.5.6-windows-x86_64.jar\org\bytedeco\javacpp\windows-x86_64\api-ms-win-core-localization-l1-2-0.dll
0x000002d9cb320000 - 0x000002d9cb323000 	C:\Users\silvi\.javacpp\cache\javacpp-1.5.6-windows-x86_64.jar\org\bytedeco\javacpp\windows-x86_64\api-ms-win-core-sysinfo-l1-1-0.dll
0x000002d9cb330000 - 0x000002d9cb333000 	C:\Users\silvi\.javacpp\cache\javacpp-1.5.6-windows-x86_64.jar\org\bytedeco\javacpp\windows-x86_64\api-ms-win-core-synch-l1-2-0.dll
0x000002d9cb340000 - 0x000002d9cb343000 	C:\Users\silvi\.javacpp\cache\javacpp-1.5.6-windows-x86_64.jar\org\bytedeco\javacpp\windows-x86_64\api-ms-win-core-console-l1-1-0.dll
0x000002d9cb350000 - 0x000002d9cb353000 	C:\Users\silvi\.javacpp\cache\javacpp-1.5.6-windows-x86_64.jar\org\bytedeco\javacpp\windows-x86_64\api-ms-win-core-debug-l1-1-0.dll
0x000002d9cb360000 - 0x000002d9cb363000 	C:\Users\silvi\.javacpp\cache\javacpp-1.5.6-windows-x86_64.jar\org\bytedeco\javacpp\windows-x86_64\api-ms-win-core-rtlsupport-l1-1-0.dll
0x000002d9cb370000 - 0x000002d9cb373000 	C:\Users\silvi\.javacpp\cache\javacpp-1.5.6-windows-x86_64.jar\org\bytedeco\javacpp\windows-x86_64\api-ms-win-core-processthreads-l1-1-1.dll
0x000002d9cb380000 - 0x000002d9cb383000 	C:\Users\silvi\.javacpp\cache\javacpp-1.5.6-windows-x86_64.jar\org\bytedeco\javacpp\windows-x86_64\api-ms-win-core-file-l1-2-0.dll
0x000002d9cb390000 - 0x000002d9cb393000 	C:\Users\silvi\.javacpp\cache\javacpp-1.5.6-windows-x86_64.jar\org\bytedeco\javacpp\windows-x86_64\api-ms-win-core-profile-l1-1-0.dll
0x000002d9cb3a0000 - 0x000002d9cb3a3000 	C:\Users\silvi\.javacpp\cache\javacpp-1.5.6-windows-x86_64.jar\org\bytedeco\javacpp\windows-x86_64\api-ms-win-core-memory-l1-1-0.dll
0x000002d9cb3b0000 - 0x000002d9cb3b3000 	C:\Users\silvi\.javacpp\cache\javacpp-1.5.6-windows-x86_64.jar\org\bytedeco\javacpp\windows-x86_64\api-ms-win-core-util-l1-1-0.dll
0x000002d9cb3c0000 - 0x000002d9cb3c3000 	C:\Users\silvi\.javacpp\cache\javacpp-1.5.6-windows-x86_64.jar\org\bytedeco\javacpp\windows-x86_64\api-ms-win-core-interlocked-l1-1-0.dll
0x00007ffcc1190000 - 0x00007ffcc1290000 	C:\Users\silvi\.javacpp\cache\javacpp-1.5.6-windows-x86_64.jar\org\bytedeco\javacpp\windows-x86_64\ucrtbase.dll
0x00007ffd06750000 - 0x00007ffd0676b000 	C:\Users\silvi\.javacpp\cache\javacpp-1.5.6-windows-x86_64.jar\org\bytedeco\javacpp\windows-x86_64\vcruntime140.dll
0x00007ffd049c0000 - 0x00007ffd049cc000 	C:\Users\silvi\.javacpp\cache\javacpp-1.5.6-windows-x86_64.jar\org\bytedeco\javacpp\windows-x86_64\vcruntime140_1.dll
0x00007ffcc31b0000 - 0x00007ffcc323d000 	C:\Users\silvi\.javacpp\cache\javacpp-1.5.6-windows-x86_64.jar\org\bytedeco\javacpp\windows-x86_64\msvcp140.dll
0x00007ffcf79c0000 - 0x00007ffcf79c9000 	C:\Users\silvi\.javacpp\cache\javacpp-1.5.6-windows-x86_64.jar\org\bytedeco\javacpp\windows-x86_64\msvcp140_1.dll
0x00007ffcd2040000 - 0x00007ffcd208e000 	C:\Users\silvi\.javacpp\cache\javacpp-1.5.6-windows-x86_64.jar\org\bytedeco\javacpp\windows-x86_64\concrt140.dll
0x00007ffcd3d90000 - 0x00007ffcd3dc1000 	C:\Users\silvi\.javacpp\cache\javacpp-1.5.6-windows-x86_64.jar\org\bytedeco\javacpp\windows-x86_64\vcomp140.dll
0x00007ffcf79b0000 - 0x00007ffcf79be000 	C:\Users\silvi\.javacpp\cache\javacpp-1.5.6-windows-x86_64.jar\org\bytedeco\javacpp\windows-x86_64\jnijavacpp.dll
0x00007ffce29c0000 - 0x00007ffce29d6000 	C:\Users\silvi\.javacpp\cache\leptonica-1.81.1-1.5.6-windows-x86_64.jar\org\bytedeco\leptonica\windows-x86_64\libwinpthread-1.dll
0x00007ffce1e10000 - 0x00007ffce1e2c000 	C:\Users\silvi\.javacpp\cache\leptonica-1.81.1-1.5.6-windows-x86_64.jar\org\bytedeco\leptonica\windows-x86_64\libgcc_s_seh-1.dll
0x00007ffcd1cc0000 - 0x00007ffcd1d02000 	C:\Users\silvi\.javacpp\cache\leptonica-1.81.1-1.5.6-windows-x86_64.jar\org\bytedeco\leptonica\windows-x86_64\libgomp-1.dll
0x00007ffcc0fe0000 - 0x00007ffcc118e000 	C:\Users\silvi\.javacpp\cache\leptonica-1.81.1-1.5.6-windows-x86_64.jar\org\bytedeco\leptonica\windows-x86_64\libstdc++-6.dll
0x00007ffcb85d0000 - 0x00007ffcb8aae000 	C:\Users\silvi\.javacpp\cache\leptonica-1.81.1-1.5.6-windows-x86_64.jar\org\bytedeco\leptonica\windows-x86_64\liblept-5.dll
0x00007ffcb7e70000 - 0x00007ffcb8145000 	C:\Users\silvi\.javacpp\cache\leptonica-1.81.1-1.5.6-windows-x86_64.jar\org\bytedeco\leptonica\windows-x86_64\jnilept.dll

dbghelp: loaded successfully - version: 4.0.5 - missing functions: none
symbol engine: initialized successfully - sym options: 0x614 - pdb path: .;C:\Program Files\Java\jdk-17\bin;C:\Windows\SYSTEM32;C:\Windows\WinSxS\amd64_microsoft.windows.common-controls_6595b64144ccf1df_6.0.19041.1110_none_60b5254171f9507e;C:\Program Files\Java\jdk-17\bin\server;C:\Program Files\JetBrains\IntelliJ IDEA 2021.2.2\bin;C:\Users\silvi\AppData\Local\Temp;C:\Users\silvi\.javacpp\cache\javacpp-1.5.6-windows-x86_64.jar\org\bytedeco\javacpp\windows-x86_64;C:\Users\silvi\.javacpp\cache\leptonica-1.81.1-1.5.6-windows-x86_64.jar\org\bytedeco\leptonica\windows-x86_64;C:\Users\silvi\.javacpp\cache\tesseract-4.1.1-1.5.6-windows-x86_64.jar\org\bytedeco\tesseract\windows-x86_64

VM Arguments:
jvm_args: -XX:TieredStopAtLevel=1 -Dspring.output.ansi.enabled=always -Dcom.sun.management.jmxremote -Dspring.jmx.enabled=true -Dspring.liveBeansView.mbeanDomain -Dspring.application.admin.enabled=true -Dmanagement.endpoints.jmx.exposure.include=* -javaagent:C:\Program Files\JetBrains\IntelliJ IDEA 2021.2.2\lib\idea_rt.jar=63542:C:\Program Files\JetBrains\IntelliJ IDEA 2021.2.2\bin -Dfile.encoding=UTF-8 
java_command: com.java.voteup.VoteupApplication
java_class_path (initial): C:\Users\silvi\Desktop\SEMESTUL 6\ELL\aplicatie\voteup\build\classes\java\main;C:\Users\silvi\Desktop\SEMESTUL 6\ELL\aplicatie\voteup\build\resources\main;C:\Users\silvi\.gradle\caches\modules-2\files-2.1\org.projectlombok\lombok\1.18.24\13a394eed5c4f9efb2a6d956e2086f1d81e857d9\lombok-1.18.24.jar;C:\Users\silvi\.gradle\caches\modules-2\files-2.1\org.springframework.boot\spring-boot-starter-web\2.7.1\29f47f503f9955b1a9746870aeaebdba448416d\spring-boot-starter-web-2.7.1.jar;C:\Users\silvi\.gradle\caches\modules-2\files-2.1\org.springframework.boot\spring-boot-starter-data-jpa\2.7.1\39e98264c195a06c8c29a63c24b6ce295ca10795\spring-boot-starter-data-jpa-2.7.1.jar;C:\Users\silvi\.gradle\caches\modules-2\files-2.1\com.enigmabridge\hibernate4-sqlite-dialect\0.1.2\dd69bb3ce702c40d638bbf3a9307570942af8204\hibernate4-sqlite-dialect-0.1.2.jar;C:\Users\silvi\.gradle\caches\modules-2\files-2.1\org.bytedeco\javacv-platform\1.5.6\30810e989616b106c5e10567bafc588289889de8\javacv-platform-1.5.6.jar;C:\Users\silvi\.gradle\caches\modules-2\files-2.1\net.sourceforge.tess4j\tess4j\5.6.0\5aabf7697ab4f831126144a501f456e96c89fc80\tess4j-5.6.0.jar;C:\Users\silvi\.gradle\caches\modules-2\files-2.1\com.aspose\aspose-ocr\23.5.0\200f07d9cf06ee0c2aaf4ada5a73445d9ab70c5d\aspose-ocr-23.5.0.jar;C:\Users\silvi\.gradle\caches\modules-2\files-2.1\org.springframework.boot\spring-boot-starter-json\2.7.1\711889df8474d7f0271b1e25cd75a9249e0a4621\spring-boot-starter-json-2.7.1.jar;C:\Users\silvi\.gradle\caches\modules-2\files-2.1\org.springframework.boot\spring-boot-starter\2.7.1\48f7e04459ccc16d3532bfc486c1b6d629e6e0fc\spring-boot-starter-2.7.1.jar;C:\Users\silvi\.gradle\caches\modules-2\files-2.1\org.springframework.boot\spring-boot-starter-tomcat\2.7.1\c99fe94b685f1707907afb84ecb998ac13271ead\spring-boot-starter-tomcat-2.7.1.jar;C:\Users\silvi\.gradle\caches\modules-2\files-2.1\org.springframework\spring-webmvc\5.3.21\a62db425cc29c48e138846e706ca37acb138ca13\spring-webmvc-5.3.
Launcher Type: SUN_STANDARD

[Global flags]
     intx CICompilerCount                          = 4                                         {product} {ergonomic}
     uint ConcGCThreads                            = 3                                         {product} {ergonomic}
     uint G1ConcRefinementThreads                  = 10                                        {product} {ergonomic}
   size_t G1HeapRegionSize                         = 1048576                                   {product} {ergonomic}
    uintx GCDrainStackTargetSize                   = 64                                        {product} {ergonomic}
   size_t InitialHeapSize                          = 132120576                                 {product} {ergonomic}
     bool ManagementServer                         = true                                      {product} {command line}
   size_t MarkStackSize                            = 4194304                                   {product} {ergonomic}
   size_t MaxHeapSize                              = 2109734912                                {product} {ergonomic}
   size_t MaxNewSize                               = 1265631232                                {product} {ergonomic}
   size_t MinHeapDeltaBytes                        = 1048576                                   {product} {ergonomic}
   size_t MinHeapSize                              = 8388608                                   {product} {ergonomic}
    uintx NonProfiledCodeHeapSize                  = 0                                      {pd product} {ergonomic}
     bool ProfileInterpreter                       = false                                  {pd product} {command line}
    uintx ProfiledCodeHeapSize                     = 0                                      {pd product} {ergonomic}
   size_t SoftMaxHeapSize                          = 2109734912                             {manageable} {ergonomic}
     intx TieredStopAtLevel                        = 1                                         {product} {command line}
     bool UseCompressedClassPointers               = true                           {product lp64_product} {ergonomic}
     bool UseCompressedOops                        = true                           {product lp64_product} {ergonomic}
     bool UseG1GC                                  = true                                      {product} {ergonomic}
     bool UseLargePagesIndividualAllocation        = false                                  {pd product} {ergonomic}

Logging:
Log output configuration:
 #0: stdout all=warning uptime,level,tags
 #1: stderr all=off uptime,level,tags

Environment Variables:
JAVA_HOME=C:\Program Files\Java\jdk-17
PATH=C:\Program Files\MATLAB\R2018b\bin;C:\Program Files\MATLAB\R2018b\bin\win64;C:\Program Files\NVIDIA GPU Computing Toolkit\CUDA\v12.0\bin;C:\Program Files\NVIDIA GPU Computing Toolkit\CUDA\v12.0\libnvvp;C:\Program Files\Microsoft MPI\Bin\;C:\Windows\system32;C:\Windows;C:\Windows\System32\Wbem;C:\Windows\System32\WindowsPowerShell\v1.0\;C:\Windows\System32\OpenSSH\;C:\Program Files\NVIDIA Corporation\NVIDIA NvDLISR;C:\Program Files (x86)\NVIDIA Corporation\PhysX\Common;C:\Program Files\PuTTY\;C:\Program Files\Microsoft SQL Server\Client SDK\ODBC\170\Tools\Binn\;C:\Program Files (x86)\Microsoft SQL Server\150\Tools\Binn\;C:\Program Files\Microsoft SQL Server\150\Tools\Binn\;C:\Program Files\Microsoft SQL Server\150\DTS\Binn\;C:\Program Files (x86)\Microsoft SQL Server\150\DTS\Binn\;C:\Program Files\Azure Data Studio\bin;C:\Program Files\Git\cmd;C:\Program Files\dotnet\;C:\protoc-3.20.1-win64\bin;C:\Program Files\nodejs;C:\Program Files\nodejs\;C:\Program Files\Java\jdk-17\bin;C:\Program Files\NVIDIA Corporation\Nsight Compute 2022.4.0\;C:\Users\silvi\.sage\opencv\build\x64\vc15\bin;C:\Program Files\MATLAB\R2018b\runtime\win64;C:\Users\silvi\AppData\Local\Microsoft\WindowsApps;C:\Users\silvi\.dotnet\tools;C:\Users\silvi\AppData\Roaming\npm;C:\Users\silvi\AppData\Local\Microsoft\WindowsApps;C:\Program Files\Azure Data Studio\bin;C:\Users\silvi\.dotnet\tools;C:\Users\silvi\AppData\Roaming\npm;
USERNAME=silvi
OS=Windows_NT
PROCESSOR_IDENTIFIER=Intel64 Family 6 Model 158 Stepping 10, GenuineIntel



---------------  S Y S T E M  ---------------

OS:
 Windows 10 , 64 bit Build 19041 (10.0.19041.2913)
OS uptime: 16 days 7:11 hours

CPU: total 12 (initial active 12) (6 cores per cpu, 2 threads per core) family 6 model 158 stepping 10 microcode 0xca, cx8, cmov, fxsr, ht, mmx, 3dnowpref, sse, sse2, sse3, ssse3, sse4.1, sse4.2, popcnt, lzcnt, tsc, tscinvbit, avx, avx2, aes, erms, clmul, bmi1, bmi2, adx, fma, vzeroupper, clflush, clflushopt

Memory: 4k page, system-wide physical 8042M (305M free)
TotalPageFile size 21070M (AvailPageFile size 5042M)
current process WorkingSet (physical memory assigned to process): 402M, peak: 403M
current process commit charge ("private bytes"): 458M, peak: 460M

vm_info: Java HotSpot(TM) 64-Bit Server VM (17+35-LTS-2724) for windows-amd64 JRE (17+35-LTS-2724), built on Aug  5 2021 23:28:28 by "mach5one" with MS VC++ 16.8 (VS2019)

END.
